INFO: [VRFC 10-2263] Analyzing SystemVerilog file "C:/harman_verilog/0411_RISC_V_ALL/0411_RISC_V_ALL.srcs/sources_1/imports/20250410_RISC_V_R_S_L_I_B_Type/ControlUnit.sv" into library xil_defaultlib
INFO: [VRFC 10-311] analyzing module ControlUnit
INFO: [VRFC 10-2263] Analyzing SystemVerilog file "C:/harman_verilog/0411_RISC_V_ALL/0411_RISC_V_ALL.srcs/sources_1/imports/20250410_RISC_V_R_S_L_I_B_Type/DataPath.sv" into library xil_defaultlib
INFO: [VRFC 10-311] analyzing module DataPath
INFO: [VRFC 10-311] analyzing module alu
INFO: [VRFC 10-311] analyzing module register
INFO: [VRFC 10-311] analyzing module adder
INFO: [VRFC 10-311] analyzing module RegisterFile
INFO: [VRFC 10-311] analyzing module mux_2x1
INFO: [VRFC 10-311] analyzing module extend
INFO: [VRFC 10-311] analyzing module mux_5x1
INFO: [VRFC 10-2263] Analyzing SystemVerilog file "C:/harman_verilog/0411_RISC_V_ALL/0411_RISC_V_ALL.srcs/sources_1/imports/20250410_RISC_V_R_S_L_I_B_Type/MCU.sv" into library xil_defaultlib
INFO: [VRFC 10-311] analyzing module MCU
INFO: [VRFC 10-2263] Analyzing SystemVerilog file "C:/harman_verilog/0411_RISC_V_ALL/0411_RISC_V_ALL.srcs/sources_1/imports/20250410_RISC_V_R_S_L_I_B_Type/RV32I_Core.sv" into library xil_defaultlib
INFO: [VRFC 10-311] analyzing module RV32I_Core
INFO: [VRFC 10-2263] Analyzing SystemVerilog file "C:/harman_verilog/0411_RISC_V_ALL/0411_RISC_V_ALL.srcs/sources_1/imports/20250410_RISC_V_R_S_L_I_B_Type/ram.sv" into library xil_defaultlib
INFO: [VRFC 10-311] analyzing module ram
INFO: [VRFC 10-2263] Analyzing SystemVerilog file "C:/harman_verilog/0411_RISC_V_ALL/0411_RISC_V_ALL.srcs/sources_1/imports/20250410_RISC_V_R_S_L_I_B_Type/rom.sv" into library xil_defaultlib
INFO: [VRFC 10-311] analyzing module rom
INFO: [VRFC 10-2263] Analyzing SystemVerilog file "C:/harman_verilog/0411_RISC_V_ALL/0411_RISC_V_ALL.srcs/sim_1/imports/Downloads/tb_RV32I1.sv" into library xil_defaultlib
INFO: [VRFC 10-311] analyzing module tb_RV32I
