Copyright 1986-2020 Xilinx, Inc. All Rights Reserved.
------------------------------------------------------------------------------------
| Tool Version : Vivado v.2020.2 (win64) Build 3064766 Wed Nov 18 09:12:45 MST 2020
| Date         : Fri May 23 15:54:20 2025
| Host         : DESKTOP-7CFQ9ND running 64-bit major release  (build 9200)
| Command      : upgrade_ip
| Device       : xc7a35tcpg236-1
------------------------------------------------------------------------------------

Upgrade Log for IP 'AXI4_LITE_I2C_PERIPH_axi4_lite_spi_master_0_0'

1. Summary
----------

SUCCESS in the upgrade of AXI4_LITE_I2C_PERIPH_axi4_lite_spi_master_0_0 (xilinx.com:user:axi4_lite_spi_master:1.0) from (Rev. 2) to (Rev. 3)






Copyright 1986-2020 Xilinx, Inc. All Rights Reserved.
------------------------------------------------------------------------------------
| Tool Version : Vivado v.2020.2 (win64) Build 3064766 Wed Nov 18 09:12:45 MST 2020
| Date         : Fri May 23 09:31:39 2025
| Host         : DESKTOP-7CFQ9ND running 64-bit major release  (build 9200)
| Command      : upgrade_ip
| Device       : xc7a35tcpg236-1
------------------------------------------------------------------------------------

Upgrade Log for IP 'AXI4_LITE_I2C_PERIPH_AXI4_LITE_I2C_PERIPH_0_0'

1. Summary
----------

SUCCESS in the upgrade of AXI4_LITE_I2C_PERIPH_AXI4_LITE_I2C_PERIPH_0_0 (xilinx.com:user:AXI4_LITE_I2C_PERIPH:1.0) from (Rev. 3) to (Rev. 4)






Copyright 1986-2020 Xilinx, Inc. All Rights Reserved.
------------------------------------------------------------------------------------
| Tool Version : Vivado v.2020.2 (win64) Build 3064766 Wed Nov 18 09:12:45 MST 2020
| Date         : Thu May 22 23:53:22 2025
| Host         : DESKTOP-7CFQ9ND running 64-bit major release  (build 9200)
| Command      : upgrade_ip
| Device       : xc7a35tcpg236-1
------------------------------------------------------------------------------------

Upgrade Log for IP 'AXI4_LITE_I2C_PERIPH_AXI4_LITE_I2C_PERIPH_0_0'

1. Summary
----------

SUCCESS in the upgrade of AXI4_LITE_I2C_PERIPH_AXI4_LITE_I2C_PERIPH_0_0 (xilinx.com:user:AXI4_LITE_I2C_PERIPH:1.0) from (Rev. 2) to (Rev. 3)

