Copyright 1986-2020 Xilinx, Inc. All Rights Reserved.
----------------------------------------------------------------------------------------------------------------------------------------------------------------------------------------------------------
| Tool Version     : Vivado v.2020.2 (win64) Build 3064766 Wed Nov 18 09:12:45 MST 2020
| Date             : Fri May 23 16:17:15 2025
| Host             : DESKTOP-7CFQ9ND running 64-bit major release  (build 9200)
| Command          : report_power -file AXI4_LITE_I2C_PERIPH_wrapper_power_routed.rpt -pb AXI4_LITE_I2C_PERIPH_wrapper_power_summary_routed.pb -rpx AXI4_LITE_I2C_PERIPH_wrapper_power_routed.rpx
| Design           : AXI4_LITE_I2C_PERIPH_wrapper
| Device           : xc7a35tcpg236-1
| Design State     : routed
| Grade            : commercial
| Process          : typical
| Characterization : Production
----------------------------------------------------------------------------------------------------------------------------------------------------------------------------------------------------------

Power Report

Table of Contents
-----------------
1. Summary
1.1 On-Chip Components
1.2 Power Supply Summary
1.3 Confidence Level
2. Settings
2.1 Environment
2.2 Clock Constraints
3. Detailed Reports
3.1 By Hierarchy

1. Summary
----------

+--------------------------+--------------+
| Total On-Chip Power (W)  | 0.209        |
| Design Power Budget (W)  | Unspecified* |
| Power Budget Margin (W)  | NA           |
| Dynamic (W)              | 0.136        |
| Device Static (W)        | 0.073        |
| Effective TJA (C/W)      | 5.0          |
| Max Ambient (C)          | 84.0         |
| Junction Temperature (C) | 26.0         |
| Confidence Level         | Low          |
| Setting File             | ---          |
| Simulation Activity File | ---          |
| Design Nets Matched      | NA           |
+--------------------------+--------------+
* Specify Design Power Budget using, set_operating_conditions -design_power_budget <value in Watts>


1.1 On-Chip Components
----------------------

+--------------------------+-----------+----------+-----------+-----------------+
| On-Chip                  | Power (W) | Used     | Available | Utilization (%) |
+--------------------------+-----------+----------+-----------+-----------------+
| Clocks                   |     0.010 |       10 |       --- |             --- |
| Slice Logic              |     0.004 |     4489 |       --- |             --- |
|   LUT as Logic           |     0.003 |     1534 |     20800 |            7.38 |
|   LUT as Distributed RAM |    <0.001 |       64 |      9600 |            0.67 |
|   CARRY4                 |    <0.001 |       38 |      8150 |            0.47 |
|   Register               |    <0.001 |     1698 |     41600 |            4.08 |
|   F7/F8 Muxes            |    <0.001 |      108 |     32600 |            0.33 |
|   LUT as Shift Register  |    <0.001 |       74 |      9600 |            0.77 |
|   Others                 |    <0.001 |      523 |       --- |             --- |
| Signals                  |     0.008 |     3103 |       --- |             --- |
| Block RAM                |     0.006 |       32 |        50 |           64.00 |
| MMCM                     |     0.106 |        1 |         5 |           20.00 |
| I/O                      |     0.003 |       14 |       106 |           13.21 |
| Static Power             |     0.073 |          |           |                 |
| Total                    |     0.209 |          |           |                 |
+--------------------------+-----------+----------+-----------+-----------------+


1.2 Power Supply Summary
------------------------

+-----------+-------------+-----------+-------------+------------+-------------+-------------+------------+
| Source    | Voltage (V) | Total (A) | Dynamic (A) | Static (A) | Powerup (A) | Budget (A)  | Margin (A) |
+-----------+-------------+-----------+-------------+------------+-------------+-------------+------------+
| Vccint    |       1.000 |     0.038 |       0.027 |      0.011 |       NA    | Unspecified | NA         |
| Vccaux    |       1.800 |     0.071 |       0.059 |      0.013 |       NA    | Unspecified | NA         |
| Vcco33    |       3.300 |     0.002 |       0.001 |      0.001 |       NA    | Unspecified | NA         |
| Vcco25    |       2.500 |     0.000 |       0.000 |      0.000 |       NA    | Unspecified | NA         |
| Vcco18    |       1.800 |     0.000 |       0.000 |      0.000 |       NA    | Unspecified | NA         |
| Vcco15    |       1.500 |     0.000 |       0.000 |      0.000 |       NA    | Unspecified | NA         |
| Vcco135   |       1.350 |     0.000 |       0.000 |      0.000 |       NA    | Unspecified | NA         |
| Vcco12    |       1.200 |     0.000 |       0.000 |      0.000 |       NA    | Unspecified | NA         |
| Vccaux_io |       1.800 |     0.000 |       0.000 |      0.000 |       NA    | Unspecified | NA         |
| Vccbram   |       1.000 |     0.001 |       0.001 |      0.001 |       NA    | Unspecified | NA         |
| MGTAVcc   |       1.000 |     0.000 |       0.000 |      0.000 |       NA    | Unspecified | NA         |
| MGTAVtt   |       1.200 |     0.000 |       0.000 |      0.000 |       NA    | Unspecified | NA         |
| Vccadc    |       1.800 |     0.020 |       0.000 |      0.020 |       NA    | Unspecified | NA         |
+-----------+-------------+-----------+-------------+------------+-------------+-------------+------------+


1.3 Confidence Level
--------------------

+-----------------------------+------------+--------------------------------------------------------+------------------------------------------------------------------------------------------------------------+
| User Input Data             | Confidence | Details                                                | Action                                                                                                     |
+-----------------------------+------------+--------------------------------------------------------+------------------------------------------------------------------------------------------------------------+
| Design implementation state | High       | Design is routed                                       |                                                                                                            |
| Clock nodes activity        | High       | User specified more than 95% of clocks                 |                                                                                                            |
| I/O nodes activity          | Low        | More than 75% of inputs are missing user specification | Provide missing input activity with simulation results or by editing the "By Resource Type -> I/Os" view   |
| Internal nodes activity     | Medium     | User specified less than 25% of internal nodes         | Provide missing internal nodes activity with simulation results or by editing the "By Resource Type" views |
| Device models               | High       | Device models are Production                           |                                                                                                            |
|                             |            |                                                        |                                                                                                            |
| Overall confidence level    | Low        |                                                        |                                                                                                            |
+-----------------------------+------------+--------------------------------------------------------+------------------------------------------------------------------------------------------------------------+


2. Settings
-----------

2.1 Environment
---------------

+-----------------------+--------------------------+
| Ambient Temp (C)      | 25.0                     |
| ThetaJA (C/W)         | 5.0                      |
| Airflow (LFM)         | 250                      |
| Heat Sink             | medium (Medium Profile)  |
| ThetaSA (C/W)         | 4.6                      |
| Board Selection       | medium (10"x10")         |
| # of Board Layers     | 12to15 (12 to 15 Layers) |
| Board Temperature (C) | 25.0                     |
+-----------------------+--------------------------+


2.2 Clock Constraints
---------------------

+------------------------------------------------------------------------+---------------------------------------------------------------------------------+-----------------+
| Clock                                                                  | Domain                                                                          | Constraint (ns) |
+------------------------------------------------------------------------+---------------------------------------------------------------------------------+-----------------+
| AXI4_LITE_I2C_PERIPH_i/mdm_1/U0/Use_E2.BSCAN_I/Use_E2.BSCANE2_I/DRCK   | AXI4_LITE_I2C_PERIPH_i/mdm_1/U0/Use_E2.BSCAN_I/DRCK                             |            33.3 |
| AXI4_LITE_I2C_PERIPH_i/mdm_1/U0/Use_E2.BSCAN_I/Use_E2.BSCANE2_I/UPDATE | AXI4_LITE_I2C_PERIPH_i/mdm_1/U0/Use_E2.BSCAN_I/Dbg_Update_0                     |            33.3 |
| clk_out1_AXI4_LITE_I2C_PERIPH_clk_wiz_1_0                              | AXI4_LITE_I2C_PERIPH_i/clk_wiz_1/inst/clk_out1_AXI4_LITE_I2C_PERIPH_clk_wiz_1_0 |            10.0 |
| clk_out1_AXI4_LITE_I2C_PERIPH_clk_wiz_1_0_1                            | AXI4_LITE_I2C_PERIPH_i/clk_wiz_1/inst/clk_out1_AXI4_LITE_I2C_PERIPH_clk_wiz_1_0 |            10.0 |
| clkfbout_AXI4_LITE_I2C_PERIPH_clk_wiz_1_0                              | AXI4_LITE_I2C_PERIPH_i/clk_wiz_1/inst/clkfbout_AXI4_LITE_I2C_PERIPH_clk_wiz_1_0 |            10.0 |
| clkfbout_AXI4_LITE_I2C_PERIPH_clk_wiz_1_0_1                            | AXI4_LITE_I2C_PERIPH_i/clk_wiz_1/inst/clkfbout_AXI4_LITE_I2C_PERIPH_clk_wiz_1_0 |            10.0 |
| sys_clk_pin                                                            | sys_clock                                                                       |            10.0 |
| sys_clock                                                              | sys_clock                                                                       |            10.0 |
+------------------------------------------------------------------------+---------------------------------------------------------------------------------+-----------------+


3. Detailed Reports
-------------------

3.1 By Hierarchy
----------------

+-------------------------------+-----------+
| Name                          | Power (W) |
+-------------------------------+-----------+
| AXI4_LITE_I2C_PERIPH_wrapper  |     0.136 |
|   AXI4_LITE_I2C_PERIPH_i      |     0.133 |
|     AXI4_LITE_I2C_PERIPH_0    |     0.001 |
|       inst                    |     0.001 |
|     axi4_lite_spi_master_0    |     0.001 |
|       inst                    |     0.001 |
|     clk_wiz_1                 |     0.106 |
|       inst                    |     0.106 |
|     microblaze_0              |     0.015 |
|       U0                      |     0.015 |
|     microblaze_0_local_memory |     0.006 |
|       lmb_bram                |     0.006 |
+-------------------------------+-----------+


