21:54:37 INFO  : Launching XSCT server: xsct.bat -n  -interactive C:\fpga_harman\250522_I2C_MASTER_MICROBLAZE\vitis2\temp_xsdb_launch_script.tcl
21:54:38 INFO  : Registering command handlers for Vitis TCF services
21:54:43 INFO  : XSCT server has started successfully.
21:54:43 INFO  : plnx-install-location is set to ''
21:54:43 INFO  : Successfully done setting XSCT server connection channel  
21:54:44 INFO  : Successfully done setting workspace for the tool. 
21:54:44 INFO  : Successfully done query RDI_DATADIR 
21:54:45 INFO  : Platform repository initialization has completed.
21:55:21 INFO  : Result from executing command 'getProjects': AXI4_LITE_I2C_PERIPH_wrapper
21:55:21 INFO  : Result from executing command 'getPlatforms': 
21:55:21 WARN  : An unexpected exception occurred in the module 'platform project logging'
21:55:21 INFO  : Platform 'AXI4_LITE_I2C_PERIPH_wrapper' is added to custom repositories.
21:55:26 INFO  : Platform 'AXI4_LITE_I2C_PERIPH_wrapper' is added to custom repositories.
21:56:47 INFO  : Result from executing command 'getProjects': AXI4_LITE_I2C_PERIPH_wrapper
21:56:47 INFO  : Result from executing command 'getPlatforms': AXI4_LITE_I2C_PERIPH_wrapper|C:/fpga_harman/250522_I2C_MASTER_MICROBLAZE/vitis2/AXI4_LITE_I2C_PERIPH_wrapper/export/AXI4_LITE_I2C_PERIPH_wrapper/AXI4_LITE_I2C_PERIPH_wrapper.xpfm
21:56:47 INFO  : Checking for BSP changes to sync application flags for project 'asdf'...
21:57:00 INFO  : Connected to target on host '127.0.0.1' and port '3121'.
21:57:01 INFO  : Jtag cable 'Digilent Basys3 210183BB7AB8A' is selected.
21:57:01 INFO  : 'jtag frequency' command is executed.
21:57:02 INFO  : 'targets -set -filter {jtag_cable_name =~ "Digilent Basys3 210183BB7AB8A" && level==0 && jtag_device_ctx=="jsn-Basys3-210183BB7AB8A-0362d093-0"}' command is executed.
21:57:03 INFO  : Device configured successfully with "C:/fpga_harman/250522_I2C_MASTER_MICROBLAZE/vitis2/asdf/_ide/bitstream/AXI4_LITE_I2C_PERIPH_wrapper.bit"
21:57:03 INFO  : Context for processor 'microblaze_0' is selected.
21:57:03 INFO  : Hardware design and registers information is loaded from 'C:/fpga_harman/250522_I2C_MASTER_MICROBLAZE/vitis2/AXI4_LITE_I2C_PERIPH_wrapper/export/AXI4_LITE_I2C_PERIPH_wrapper/hw/AXI4_LITE_I2C_PERIPH_wrapper.xsa'.
21:57:03 INFO  : 'configparams mdm-detect-bscan-mask 2' command is executed.
21:57:03 INFO  : Context for processor 'microblaze_0' is selected.
21:57:03 INFO  : System reset is completed.
21:57:06 INFO  : 'after 3000' command is executed.
21:57:06 INFO  : Context for processor 'microblaze_0' is selected.
21:57:06 INFO  : The application 'C:/fpga_harman/250522_I2C_MASTER_MICROBLAZE/vitis2/asdf/Debug/asdf.elf' is downloaded to processor 'microblaze_0'.
21:57:06 INFO  : ----------------XSDB Script----------------
connect -url tcp:127.0.0.1:3121
targets -set -filter {jtag_cable_name =~ "Digilent Basys3 210183BB7AB8A" && level==0 && jtag_device_ctx=="jsn-Basys3-210183BB7AB8A-0362d093-0"}
fpga -file C:/fpga_harman/250522_I2C_MASTER_MICROBLAZE/vitis2/asdf/_ide/bitstream/AXI4_LITE_I2C_PERIPH_wrapper.bit
targets -set -nocase -filter {name =~ "*microblaze*#0" && bscan=="USER2" }
loadhw -hw C:/fpga_harman/250522_I2C_MASTER_MICROBLAZE/vitis2/AXI4_LITE_I2C_PERIPH_wrapper/export/AXI4_LITE_I2C_PERIPH_wrapper/hw/AXI4_LITE_I2C_PERIPH_wrapper.xsa -regs
configparams mdm-detect-bscan-mask 2
targets -set -nocase -filter {name =~ "*microblaze*#0" && bscan=="USER2" }
rst -system
after 3000
targets -set -nocase -filter {name =~ "*microblaze*#0" && bscan=="USER2" }
dow C:/fpga_harman/250522_I2C_MASTER_MICROBLAZE/vitis2/asdf/Debug/asdf.elf
----------------End of Script----------------

21:57:07 INFO  : Context for processor 'microblaze_0' is selected.
21:57:07 INFO  : 'con' command is executed.
21:57:07 INFO  : ----------------XSDB Script (After Launch)----------------
targets -set -nocase -filter {name =~ "*microblaze*#0" && bscan=="USER2" }
con
----------------End of Script----------------

21:57:07 INFO  : Launch script is exported to file 'C:\fpga_harman\250522_I2C_MASTER_MICROBLAZE\vitis2\asdf_system\_ide\scripts\systemdebugger_asdf_system_standalone.tcl'
23:40:35 INFO  : Checking for BSP changes to sync application flags for project 'asdf'...
00:29:40 INFO  : Checking for BSP changes to sync application flags for project 'asdf'...
00:31:02 INFO  : Checking for BSP changes to sync application flags for project 'asdf'...
00:36:10 INFO  : Checking for BSP changes to sync application flags for project 'asdf'...
00:37:38 INFO  : Checking for BSP changes to sync application flags for project 'asdf'...
00:56:47 INFO  : Hardware specification for platform project 'AXI4_LITE_I2C_PERIPH_wrapper' is updated.
00:57:49 INFO  : Result from executing command 'getProjects': AXI4_LITE_I2C_PERIPH_wrapper
00:57:49 INFO  : Result from executing command 'getPlatforms': AXI4_LITE_I2C_PERIPH_wrapper|C:/fpga_harman/250522_I2C_MASTER_MICROBLAZE/vitis2/AXI4_LITE_I2C_PERIPH_wrapper/export/AXI4_LITE_I2C_PERIPH_wrapper/AXI4_LITE_I2C_PERIPH_wrapper.xpfm
00:58:44 INFO  : Result from executing command 'getProjects': AXI4_LITE_I2C_PERIPH_wrapper
00:58:44 INFO  : Result from executing command 'getPlatforms': AXI4_LITE_I2C_PERIPH_wrapper|C:/fpga_harman/250522_I2C_MASTER_MICROBLAZE/vitis2/AXI4_LITE_I2C_PERIPH_wrapper/export/AXI4_LITE_I2C_PERIPH_wrapper/AXI4_LITE_I2C_PERIPH_wrapper.xpfm
00:58:44 INFO  : Checking for BSP changes to sync application flags for project 'asdf'...
00:58:52 INFO  : The hardware specfication used by project 'asdf' is out of sync with the platform. Resource files extracted from the hardware specfiication will be updated.
00:58:52 INFO  : The file 'C:\fpga_harman\250522_I2C_MASTER_MICROBLAZE\vitis2\asdf\_ide\bitstream\AXI4_LITE_I2C_PERIPH_wrapper.bit' stored in project is removed.
00:58:52 INFO  : The file 'C:\fpga_harman\250522_I2C_MASTER_MICROBLAZE\vitis2\asdf\_ide\bitstream\AXI4_LITE_I2C_PERIPH_wrapper.mmi' stored in project is removed.
00:58:52 INFO  : The updated bitstream files are copied from platform to folder 'C:\fpga_harman\250522_I2C_MASTER_MICROBLAZE\vitis2\asdf\_ide\bitstream' in project 'asdf'.
01:00:31 INFO  : Checking for BSP changes to sync application flags for project 'asdf'...
09:16:24 INFO  : Checking for BSP changes to sync application flags for project 'asdf'...
09:16:47 INFO  : Disconnected from the channel tcfchan#2.
09:16:47 INFO  : Connected to target on host '127.0.0.1' and port '3121'.
09:16:48 INFO  : Jtag cable 'Digilent Basys3 210183BB7AB8A' is selected.
09:16:48 INFO  : 'jtag frequency' command is executed.
09:16:48 INFO  : 'targets -set -filter {jtag_cable_name =~ "Digilent Basys3 210183BB7AB8A" && level==0 && jtag_device_ctx=="jsn-Basys3-210183BB7AB8A-0362d093-0"}' command is executed.
09:16:49 INFO  : Device configured successfully with "C:/fpga_harman/250522_I2C_MASTER_MICROBLAZE/vitis2/asdf/_ide/bitstream/AXI4_LITE_I2C_PERIPH_wrapper.bit"
09:16:49 INFO  : Context for processor 'microblaze_0' is selected.
09:16:49 INFO  : Hardware design and registers information is loaded from 'C:/fpga_harman/250522_I2C_MASTER_MICROBLAZE/vitis2/AXI4_LITE_I2C_PERIPH_wrapper/export/AXI4_LITE_I2C_PERIPH_wrapper/hw/AXI4_LITE_I2C_PERIPH_wrapper.xsa'.
09:16:49 INFO  : 'configparams mdm-detect-bscan-mask 2' command is executed.
09:16:49 INFO  : Context for processor 'microblaze_0' is selected.
09:16:49 INFO  : System reset is completed.
09:16:52 INFO  : 'after 3000' command is executed.
09:16:52 INFO  : Context for processor 'microblaze_0' is selected.
09:16:53 INFO  : The application 'C:/fpga_harman/250522_I2C_MASTER_MICROBLAZE/vitis2/asdf/Debug/asdf.elf' is downloaded to processor 'microblaze_0'.
09:16:53 INFO  : ----------------XSDB Script----------------
connect -url tcp:127.0.0.1:3121
targets -set -filter {jtag_cable_name =~ "Digilent Basys3 210183BB7AB8A" && level==0 && jtag_device_ctx=="jsn-Basys3-210183BB7AB8A-0362d093-0"}
fpga -file C:/fpga_harman/250522_I2C_MASTER_MICROBLAZE/vitis2/asdf/_ide/bitstream/AXI4_LITE_I2C_PERIPH_wrapper.bit
targets -set -nocase -filter {name =~ "*microblaze*#0" && bscan=="USER2" }
loadhw -hw C:/fpga_harman/250522_I2C_MASTER_MICROBLAZE/vitis2/AXI4_LITE_I2C_PERIPH_wrapper/export/AXI4_LITE_I2C_PERIPH_wrapper/hw/AXI4_LITE_I2C_PERIPH_wrapper.xsa -regs
configparams mdm-detect-bscan-mask 2
targets -set -nocase -filter {name =~ "*microblaze*#0" && bscan=="USER2" }
rst -system
after 3000
targets -set -nocase -filter {name =~ "*microblaze*#0" && bscan=="USER2" }
dow C:/fpga_harman/250522_I2C_MASTER_MICROBLAZE/vitis2/asdf/Debug/asdf.elf
----------------End of Script----------------

09:16:53 INFO  : Context for processor 'microblaze_0' is selected.
09:16:53 INFO  : 'con' command is executed.
09:16:53 INFO  : ----------------XSDB Script (After Launch)----------------
targets -set -nocase -filter {name =~ "*microblaze*#0" && bscan=="USER2" }
con
----------------End of Script----------------

09:16:53 INFO  : Launch script is exported to file 'C:\fpga_harman\250522_I2C_MASTER_MICROBLAZE\vitis2\asdf_system\_ide\scripts\systemdebugger_asdf_system_standalone.tcl'
09:19:32 INFO  : Checking for BSP changes to sync application flags for project 'asdf'...
09:19:57 INFO  : Checking for BSP changes to sync application flags for project 'asdf'...
09:20:05 INFO  : Disconnected from the channel tcfchan#7.
09:20:05 INFO  : Connected to target on host '127.0.0.1' and port '3121'.
09:20:06 INFO  : Jtag cable 'Digilent Basys3 210183BB7AB8A' is selected.
09:20:06 INFO  : 'jtag frequency' command is executed.
09:20:06 INFO  : 'targets -set -filter {jtag_cable_name =~ "Digilent Basys3 210183BB7AB8A" && level==0 && jtag_device_ctx=="jsn-Basys3-210183BB7AB8A-0362d093-0"}' command is executed.
09:20:07 INFO  : Device configured successfully with "C:/fpga_harman/250522_I2C_MASTER_MICROBLAZE/vitis2/asdf/_ide/bitstream/AXI4_LITE_I2C_PERIPH_wrapper.bit"
09:20:08 INFO  : Context for processor 'microblaze_0' is selected.
09:20:08 INFO  : Hardware design and registers information is loaded from 'C:/fpga_harman/250522_I2C_MASTER_MICROBLAZE/vitis2/AXI4_LITE_I2C_PERIPH_wrapper/export/AXI4_LITE_I2C_PERIPH_wrapper/hw/AXI4_LITE_I2C_PERIPH_wrapper.xsa'.
09:20:08 INFO  : 'configparams mdm-detect-bscan-mask 2' command is executed.
09:20:08 INFO  : Context for processor 'microblaze_0' is selected.
09:20:08 INFO  : System reset is completed.
09:20:11 INFO  : 'after 3000' command is executed.
09:20:11 INFO  : Context for processor 'microblaze_0' is selected.
09:20:11 INFO  : The application 'C:/fpga_harman/250522_I2C_MASTER_MICROBLAZE/vitis2/asdf/Debug/asdf.elf' is downloaded to processor 'microblaze_0'.
09:20:11 INFO  : ----------------XSDB Script----------------
connect -url tcp:127.0.0.1:3121
targets -set -filter {jtag_cable_name =~ "Digilent Basys3 210183BB7AB8A" && level==0 && jtag_device_ctx=="jsn-Basys3-210183BB7AB8A-0362d093-0"}
fpga -file C:/fpga_harman/250522_I2C_MASTER_MICROBLAZE/vitis2/asdf/_ide/bitstream/AXI4_LITE_I2C_PERIPH_wrapper.bit
targets -set -nocase -filter {name =~ "*microblaze*#0" && bscan=="USER2" }
loadhw -hw C:/fpga_harman/250522_I2C_MASTER_MICROBLAZE/vitis2/AXI4_LITE_I2C_PERIPH_wrapper/export/AXI4_LITE_I2C_PERIPH_wrapper/hw/AXI4_LITE_I2C_PERIPH_wrapper.xsa -regs
configparams mdm-detect-bscan-mask 2
targets -set -nocase -filter {name =~ "*microblaze*#0" && bscan=="USER2" }
rst -system
after 3000
targets -set -nocase -filter {name =~ "*microblaze*#0" && bscan=="USER2" }
dow C:/fpga_harman/250522_I2C_MASTER_MICROBLAZE/vitis2/asdf/Debug/asdf.elf
----------------End of Script----------------

09:20:12 INFO  : Context for processor 'microblaze_0' is selected.
09:20:12 INFO  : 'con' command is executed.
09:20:12 INFO  : ----------------XSDB Script (After Launch)----------------
targets -set -nocase -filter {name =~ "*microblaze*#0" && bscan=="USER2" }
con
----------------End of Script----------------

09:20:12 INFO  : Launch script is exported to file 'C:\fpga_harman\250522_I2C_MASTER_MICROBLAZE\vitis2\asdf_system\_ide\scripts\systemdebugger_asdf_system_standalone.tcl'
09:27:53 INFO  : Launching XSCT server: xsct.bat -n  -interactive C:\fpga_harman\250522_I2C_MASTER_MICROBLAZE\vitis2\temp_xsdb_launch_script.tcl
09:27:57 INFO  : XSCT server has started successfully.
09:28:14 WARN  : channel "tcfchan#8" closed
09:48:43 INFO  : Hardware specification for platform project 'AXI4_LITE_I2C_PERIPH_wrapper' is updated.
09:49:50 INFO  : Checking for BSP changes to sync application flags for project 'asdf'...
09:49:50 WARN  : Failed to closehw "C:/fpga_harman/250522_I2C_MASTER_MICROBLAZE/vitis2/AXI4_LITE_I2C_PERIPH_wrapper/export/AXI4_LITE_I2C_PERIPH_wrapper/hw/AXI4_LITE_I2C_PERIPH_wrapper.xsa"
Reason: Cannot close hw design 'C:/fpga_harman/250522_I2C_MASTER_MICROBLAZE/vitis2/AXI4_LITE_I2C_PERIPH_wrapper/export/AXI4_LITE_I2C_PERIPH_wrapper/hw/AXI4_LITE_I2C_PERIPH_wrapper.xsa'.
Design is not opened in the current session.

09:49:55 INFO  : The hardware specfication used by project 'asdf' is out of sync with the platform. Resource files extracted from the hardware specfiication will be updated.
09:49:55 INFO  : The file 'C:\fpga_harman\250522_I2C_MASTER_MICROBLAZE\vitis2\asdf\_ide\bitstream\AXI4_LITE_I2C_PERIPH_wrapper.bit' stored in project is removed.
09:49:55 INFO  : The file 'C:\fpga_harman\250522_I2C_MASTER_MICROBLAZE\vitis2\asdf\_ide\bitstream\AXI4_LITE_I2C_PERIPH_wrapper.mmi' stored in project is removed.
09:49:56 INFO  : The updated bitstream files are copied from platform to folder 'C:\fpga_harman\250522_I2C_MASTER_MICROBLAZE\vitis2\asdf\_ide\bitstream' in project 'asdf'.
09:51:11 INFO  : Checking for BSP changes to sync application flags for project 'asdf'...
09:51:22 INFO  : Connected to target on host '127.0.0.1' and port '3121'.
09:51:23 INFO  : Jtag cable 'Digilent Basys3 210183BB7AB8A' is selected.
09:51:23 INFO  : 'jtag frequency' command is executed.
09:51:23 INFO  : 'targets -set -filter {jtag_cable_name =~ "Digilent Basys3 210183BB7AB8A" && level==0 && jtag_device_ctx=="jsn-Basys3-210183BB7AB8A-0362d093-0"}' command is executed.
09:51:25 INFO  : Device configured successfully with "C:/fpga_harman/250522_I2C_MASTER_MICROBLAZE/vitis2/asdf/_ide/bitstream/AXI4_LITE_I2C_PERIPH_wrapper.bit"
09:51:25 INFO  : Context for processor 'microblaze_0' is selected.
09:51:25 INFO  : Hardware design and registers information is loaded from 'C:/fpga_harman/250522_I2C_MASTER_MICROBLAZE/vitis2/AXI4_LITE_I2C_PERIPH_wrapper/export/AXI4_LITE_I2C_PERIPH_wrapper/hw/AXI4_LITE_I2C_PERIPH_wrapper.xsa'.
09:51:25 INFO  : 'configparams mdm-detect-bscan-mask 2' command is executed.
09:51:25 INFO  : Context for processor 'microblaze_0' is selected.
09:51:25 INFO  : System reset is completed.
09:51:28 INFO  : 'after 3000' command is executed.
09:51:28 INFO  : Context for processor 'microblaze_0' is selected.
09:51:28 INFO  : The application 'C:/fpga_harman/250522_I2C_MASTER_MICROBLAZE/vitis2/asdf/Debug/asdf.elf' is downloaded to processor 'microblaze_0'.
09:51:28 INFO  : ----------------XSDB Script----------------
connect -url tcp:127.0.0.1:3121
targets -set -filter {jtag_cable_name =~ "Digilent Basys3 210183BB7AB8A" && level==0 && jtag_device_ctx=="jsn-Basys3-210183BB7AB8A-0362d093-0"}
fpga -file C:/fpga_harman/250522_I2C_MASTER_MICROBLAZE/vitis2/asdf/_ide/bitstream/AXI4_LITE_I2C_PERIPH_wrapper.bit
targets -set -nocase -filter {name =~ "*microblaze*#0" && bscan=="USER2" }
loadhw -hw C:/fpga_harman/250522_I2C_MASTER_MICROBLAZE/vitis2/AXI4_LITE_I2C_PERIPH_wrapper/export/AXI4_LITE_I2C_PERIPH_wrapper/hw/AXI4_LITE_I2C_PERIPH_wrapper.xsa -regs
configparams mdm-detect-bscan-mask 2
targets -set -nocase -filter {name =~ "*microblaze*#0" && bscan=="USER2" }
rst -system
after 3000
targets -set -nocase -filter {name =~ "*microblaze*#0" && bscan=="USER2" }
dow C:/fpga_harman/250522_I2C_MASTER_MICROBLAZE/vitis2/asdf/Debug/asdf.elf
----------------End of Script----------------

09:51:28 INFO  : Context for processor 'microblaze_0' is selected.
09:51:28 INFO  : 'con' command is executed.
09:51:28 INFO  : ----------------XSDB Script (After Launch)----------------
targets -set -nocase -filter {name =~ "*microblaze*#0" && bscan=="USER2" }
con
----------------End of Script----------------

09:51:28 INFO  : Launch script is exported to file 'C:\fpga_harman\250522_I2C_MASTER_MICROBLAZE\vitis2\asdf_system\_ide\scripts\systemdebugger_asdf_system_standalone.tcl'
09:53:05 INFO  : Disconnected from the channel tcfchan#5.
09:53:06 INFO  : Connected to target on host '127.0.0.1' and port '3121'.
09:53:09 INFO  : Jtag cable 'Digilent Basys3 210183BB7AB8A' is selected.
09:53:09 INFO  : 'jtag frequency' command is executed.
09:53:10 INFO  : 'targets -set -filter {jtag_cable_name =~ "Digilent Basys3 210183BB7AB8A" && level==0 && jtag_device_ctx=="jsn-Basys3-210183BB7AB8A-0362d093-0"}' command is executed.
09:53:12 INFO  : Device configured successfully with "C:/fpga_harman/250522_I2C_MASTER_MICROBLAZE/vitis2/asdf/_ide/bitstream/AXI4_LITE_I2C_PERIPH_wrapper.bit"
09:53:13 INFO  : Context for processor 'microblaze_0' is selected.
09:53:13 INFO  : Hardware design and registers information is loaded from 'C:/fpga_harman/250522_I2C_MASTER_MICROBLAZE/vitis2/AXI4_LITE_I2C_PERIPH_wrapper/export/AXI4_LITE_I2C_PERIPH_wrapper/hw/AXI4_LITE_I2C_PERIPH_wrapper.xsa'.
09:53:13 INFO  : 'configparams mdm-detect-bscan-mask 2' command is executed.
09:53:14 INFO  : Context for processor 'microblaze_0' is selected.
09:53:14 INFO  : System reset is completed.
09:53:17 INFO  : 'after 3000' command is executed.
09:53:17 INFO  : Context for processor 'microblaze_0' is selected.
09:53:17 ERROR : Cannot stop MicroBlaze. Stalled on instruction fetch. PC=0x4
09:53:17 INFO  : ----------------XSDB Script----------------
connect -url tcp:127.0.0.1:3121
targets -set -filter {jtag_cable_name =~ "Digilent Basys3 210183BB7AB8A" && level==0 && jtag_device_ctx=="jsn-Basys3-210183BB7AB8A-0362d093-0"}
fpga -file C:/fpga_harman/250522_I2C_MASTER_MICROBLAZE/vitis2/asdf/_ide/bitstream/AXI4_LITE_I2C_PERIPH_wrapper.bit
targets -set -nocase -filter {name =~ "*microblaze*#0" && bscan=="USER2" }
loadhw -hw C:/fpga_harman/250522_I2C_MASTER_MICROBLAZE/vitis2/AXI4_LITE_I2C_PERIPH_wrapper/export/AXI4_LITE_I2C_PERIPH_wrapper/hw/AXI4_LITE_I2C_PERIPH_wrapper.xsa -regs
configparams mdm-detect-bscan-mask 2
targets -set -nocase -filter {name =~ "*microblaze*#0" && bscan=="USER2" }
rst -system
after 3000
targets -set -nocase -filter {name =~ "*microblaze*#0" && bscan=="USER2" }
dow C:/fpga_harman/250522_I2C_MASTER_MICROBLAZE/vitis2/asdf/Debug/asdf.elf
----------------End of Script----------------

09:53:17 ERROR : Cannot stop MicroBlaze. Stalled on instruction fetch. PC=0x4
09:53:32 INFO  : Connected to target on host '127.0.0.1' and port '3121'.
09:53:35 INFO  : Jtag cable 'Digilent Basys3 210183BB7AB8A' is selected.
09:53:35 INFO  : 'jtag frequency' command is executed.
09:53:39 INFO  : 'targets -set -filter {jtag_cable_name =~ "Digilent Basys3 210183BB7AB8A" && level==0 && jtag_device_ctx=="jsn-Basys3-210183BB7AB8A-0362d093-0"}' command is executed.
09:53:41 INFO  : Device configured successfully with "C:/fpga_harman/250522_I2C_MASTER_MICROBLAZE/vitis2/asdf/_ide/bitstream/AXI4_LITE_I2C_PERIPH_wrapper.bit"
09:53:42 INFO  : Context for processor 'microblaze_0' is selected.
09:53:42 INFO  : Hardware design and registers information is loaded from 'C:/fpga_harman/250522_I2C_MASTER_MICROBLAZE/vitis2/AXI4_LITE_I2C_PERIPH_wrapper/export/AXI4_LITE_I2C_PERIPH_wrapper/hw/AXI4_LITE_I2C_PERIPH_wrapper.xsa'.
09:53:43 INFO  : 'configparams mdm-detect-bscan-mask 2' command is executed.
09:53:43 INFO  : Context for processor 'microblaze_0' is selected.
09:53:43 INFO  : System reset is completed.
09:53:46 INFO  : 'after 3000' command is executed.
09:53:46 INFO  : Context for processor 'microblaze_0' is selected.
09:53:47 INFO  : The application 'C:/fpga_harman/250522_I2C_MASTER_MICROBLAZE/vitis2/asdf/Debug/asdf.elf' is downloaded to processor 'microblaze_0'.
09:53:47 INFO  : ----------------XSDB Script----------------
connect -url tcp:127.0.0.1:3121
targets -set -filter {jtag_cable_name =~ "Digilent Basys3 210183BB7AB8A" && level==0 && jtag_device_ctx=="jsn-Basys3-210183BB7AB8A-0362d093-0"}
fpga -file C:/fpga_harman/250522_I2C_MASTER_MICROBLAZE/vitis2/asdf/_ide/bitstream/AXI4_LITE_I2C_PERIPH_wrapper.bit
targets -set -nocase -filter {name =~ "*microblaze*#0" && bscan=="USER2" }
loadhw -hw C:/fpga_harman/250522_I2C_MASTER_MICROBLAZE/vitis2/AXI4_LITE_I2C_PERIPH_wrapper/export/AXI4_LITE_I2C_PERIPH_wrapper/hw/AXI4_LITE_I2C_PERIPH_wrapper.xsa -regs
configparams mdm-detect-bscan-mask 2
targets -set -nocase -filter {name =~ "*microblaze*#0" && bscan=="USER2" }
rst -system
after 3000
targets -set -nocase -filter {name =~ "*microblaze*#0" && bscan=="USER2" }
dow C:/fpga_harman/250522_I2C_MASTER_MICROBLAZE/vitis2/asdf/Debug/asdf.elf
----------------End of Script----------------

09:53:48 INFO  : Context for processor 'microblaze_0' is selected.
09:53:48 INFO  : 'con' command is executed.
09:53:48 INFO  : ----------------XSDB Script (After Launch)----------------
targets -set -nocase -filter {name =~ "*microblaze*#0" && bscan=="USER2" }
con
----------------End of Script----------------

09:53:48 INFO  : Launch script is exported to file 'C:\fpga_harman\250522_I2C_MASTER_MICROBLAZE\vitis2\asdf_system\_ide\scripts\systemdebugger_asdf_system_standalone.tcl'
09:57:31 INFO  : Checking for BSP changes to sync application flags for project 'asdf'...
09:57:38 INFO  : Disconnected from the channel tcfchan#6.
09:57:38 INFO  : Connected to target on host '127.0.0.1' and port '3121'.
09:57:39 INFO  : Jtag cable 'Digilent Basys3 210183BB7AB8A' is selected.
09:57:39 INFO  : 'jtag frequency' command is executed.
09:57:39 INFO  : 'targets -set -filter {jtag_cable_name =~ "Digilent Basys3 210183BB7AB8A" && level==0 && jtag_device_ctx=="jsn-Basys3-210183BB7AB8A-0362d093-0"}' command is executed.
09:57:41 INFO  : Device configured successfully with "C:/fpga_harman/250522_I2C_MASTER_MICROBLAZE/vitis2/asdf/_ide/bitstream/AXI4_LITE_I2C_PERIPH_wrapper.bit"
09:57:41 INFO  : Context for processor 'microblaze_0' is selected.
09:57:41 INFO  : Hardware design and registers information is loaded from 'C:/fpga_harman/250522_I2C_MASTER_MICROBLAZE/vitis2/AXI4_LITE_I2C_PERIPH_wrapper/export/AXI4_LITE_I2C_PERIPH_wrapper/hw/AXI4_LITE_I2C_PERIPH_wrapper.xsa'.
09:57:41 INFO  : 'configparams mdm-detect-bscan-mask 2' command is executed.
09:57:41 INFO  : Context for processor 'microblaze_0' is selected.
09:57:41 INFO  : System reset is completed.
09:57:44 INFO  : 'after 3000' command is executed.
09:57:44 INFO  : Context for processor 'microblaze_0' is selected.
09:57:44 INFO  : The application 'C:/fpga_harman/250522_I2C_MASTER_MICROBLAZE/vitis2/asdf/Debug/asdf.elf' is downloaded to processor 'microblaze_0'.
09:57:44 INFO  : ----------------XSDB Script----------------
connect -url tcp:127.0.0.1:3121
targets -set -filter {jtag_cable_name =~ "Digilent Basys3 210183BB7AB8A" && level==0 && jtag_device_ctx=="jsn-Basys3-210183BB7AB8A-0362d093-0"}
fpga -file C:/fpga_harman/250522_I2C_MASTER_MICROBLAZE/vitis2/asdf/_ide/bitstream/AXI4_LITE_I2C_PERIPH_wrapper.bit
targets -set -nocase -filter {name =~ "*microblaze*#0" && bscan=="USER2" }
loadhw -hw C:/fpga_harman/250522_I2C_MASTER_MICROBLAZE/vitis2/AXI4_LITE_I2C_PERIPH_wrapper/export/AXI4_LITE_I2C_PERIPH_wrapper/hw/AXI4_LITE_I2C_PERIPH_wrapper.xsa -regs
configparams mdm-detect-bscan-mask 2
targets -set -nocase -filter {name =~ "*microblaze*#0" && bscan=="USER2" }
rst -system
after 3000
targets -set -nocase -filter {name =~ "*microblaze*#0" && bscan=="USER2" }
dow C:/fpga_harman/250522_I2C_MASTER_MICROBLAZE/vitis2/asdf/Debug/asdf.elf
----------------End of Script----------------

09:57:44 INFO  : Context for processor 'microblaze_0' is selected.
09:57:44 INFO  : 'con' command is executed.
09:57:44 INFO  : ----------------XSDB Script (After Launch)----------------
targets -set -nocase -filter {name =~ "*microblaze*#0" && bscan=="USER2" }
con
----------------End of Script----------------

09:57:44 INFO  : Launch script is exported to file 'C:\fpga_harman\250522_I2C_MASTER_MICROBLAZE\vitis2\asdf_system\_ide\scripts\systemdebugger_asdf_system_standalone.tcl'
10:58:07 INFO  : Checking for BSP changes to sync application flags for project 'asdf'...
10:58:14 INFO  : Disconnected from the channel tcfchan#7.
10:58:14 INFO  : Connected to target on host '127.0.0.1' and port '3121'.
10:58:15 INFO  : Jtag cable 'Digilent Basys3 210183BB7AB8A' is selected.
10:58:15 INFO  : 'jtag frequency' command is executed.
10:58:15 INFO  : 'targets -set -filter {jtag_cable_name =~ "Digilent Basys3 210183BB7AB8A" && level==0 && jtag_device_ctx=="jsn-Basys3-210183BB7AB8A-0362d093-0"}' command is executed.
10:58:17 INFO  : Device configured successfully with "C:/fpga_harman/250522_I2C_MASTER_MICROBLAZE/vitis2/asdf/_ide/bitstream/AXI4_LITE_I2C_PERIPH_wrapper.bit"
10:58:17 INFO  : Context for processor 'microblaze_0' is selected.
10:58:17 INFO  : Hardware design and registers information is loaded from 'C:/fpga_harman/250522_I2C_MASTER_MICROBLAZE/vitis2/AXI4_LITE_I2C_PERIPH_wrapper/export/AXI4_LITE_I2C_PERIPH_wrapper/hw/AXI4_LITE_I2C_PERIPH_wrapper.xsa'.
10:58:17 INFO  : 'configparams mdm-detect-bscan-mask 2' command is executed.
10:58:17 INFO  : Context for processor 'microblaze_0' is selected.
10:58:17 INFO  : System reset is completed.
10:58:20 INFO  : 'after 3000' command is executed.
10:58:20 INFO  : Context for processor 'microblaze_0' is selected.
10:58:20 INFO  : The application 'C:/fpga_harman/250522_I2C_MASTER_MICROBLAZE/vitis2/asdf/Debug/asdf.elf' is downloaded to processor 'microblaze_0'.
10:58:20 INFO  : ----------------XSDB Script----------------
connect -url tcp:127.0.0.1:3121
targets -set -filter {jtag_cable_name =~ "Digilent Basys3 210183BB7AB8A" && level==0 && jtag_device_ctx=="jsn-Basys3-210183BB7AB8A-0362d093-0"}
fpga -file C:/fpga_harman/250522_I2C_MASTER_MICROBLAZE/vitis2/asdf/_ide/bitstream/AXI4_LITE_I2C_PERIPH_wrapper.bit
targets -set -nocase -filter {name =~ "*microblaze*#0" && bscan=="USER2" }
loadhw -hw C:/fpga_harman/250522_I2C_MASTER_MICROBLAZE/vitis2/AXI4_LITE_I2C_PERIPH_wrapper/export/AXI4_LITE_I2C_PERIPH_wrapper/hw/AXI4_LITE_I2C_PERIPH_wrapper.xsa -regs
configparams mdm-detect-bscan-mask 2
targets -set -nocase -filter {name =~ "*microblaze*#0" && bscan=="USER2" }
rst -system
after 3000
targets -set -nocase -filter {name =~ "*microblaze*#0" && bscan=="USER2" }
dow C:/fpga_harman/250522_I2C_MASTER_MICROBLAZE/vitis2/asdf/Debug/asdf.elf
----------------End of Script----------------

10:58:20 INFO  : Context for processor 'microblaze_0' is selected.
10:58:20 INFO  : 'con' command is executed.
10:58:20 INFO  : ----------------XSDB Script (After Launch)----------------
targets -set -nocase -filter {name =~ "*microblaze*#0" && bscan=="USER2" }
con
----------------End of Script----------------

10:58:20 INFO  : Launch script is exported to file 'C:\fpga_harman\250522_I2C_MASTER_MICROBLAZE\vitis2\asdf_system\_ide\scripts\systemdebugger_asdf_system_standalone.tcl'
10:59:32 INFO  : Checking for BSP changes to sync application flags for project 'asdf'...
10:59:36 INFO  : Checking for BSP changes to sync application flags for project 'asdf'...
10:59:41 INFO  : Disconnected from the channel tcfchan#8.
10:59:41 INFO  : Connected to target on host '127.0.0.1' and port '3121'.
10:59:42 INFO  : Jtag cable 'Digilent Basys3 210183BB7AB8A' is selected.
10:59:42 INFO  : 'jtag frequency' command is executed.
10:59:42 INFO  : 'targets -set -filter {jtag_cable_name =~ "Digilent Basys3 210183BB7AB8A" && level==0 && jtag_device_ctx=="jsn-Basys3-210183BB7AB8A-0362d093-0"}' command is executed.
10:59:44 INFO  : Device configured successfully with "C:/fpga_harman/250522_I2C_MASTER_MICROBLAZE/vitis2/asdf/_ide/bitstream/AXI4_LITE_I2C_PERIPH_wrapper.bit"
10:59:44 INFO  : Context for processor 'microblaze_0' is selected.
10:59:44 INFO  : Hardware design and registers information is loaded from 'C:/fpga_harman/250522_I2C_MASTER_MICROBLAZE/vitis2/AXI4_LITE_I2C_PERIPH_wrapper/export/AXI4_LITE_I2C_PERIPH_wrapper/hw/AXI4_LITE_I2C_PERIPH_wrapper.xsa'.
10:59:44 INFO  : 'configparams mdm-detect-bscan-mask 2' command is executed.
10:59:44 INFO  : Context for processor 'microblaze_0' is selected.
10:59:44 INFO  : System reset is completed.
10:59:47 INFO  : 'after 3000' command is executed.
10:59:47 INFO  : Context for processor 'microblaze_0' is selected.
10:59:47 INFO  : The application 'C:/fpga_harman/250522_I2C_MASTER_MICROBLAZE/vitis2/asdf/Debug/asdf.elf' is downloaded to processor 'microblaze_0'.
10:59:47 INFO  : ----------------XSDB Script----------------
connect -url tcp:127.0.0.1:3121
targets -set -filter {jtag_cable_name =~ "Digilent Basys3 210183BB7AB8A" && level==0 && jtag_device_ctx=="jsn-Basys3-210183BB7AB8A-0362d093-0"}
fpga -file C:/fpga_harman/250522_I2C_MASTER_MICROBLAZE/vitis2/asdf/_ide/bitstream/AXI4_LITE_I2C_PERIPH_wrapper.bit
targets -set -nocase -filter {name =~ "*microblaze*#0" && bscan=="USER2" }
loadhw -hw C:/fpga_harman/250522_I2C_MASTER_MICROBLAZE/vitis2/AXI4_LITE_I2C_PERIPH_wrapper/export/AXI4_LITE_I2C_PERIPH_wrapper/hw/AXI4_LITE_I2C_PERIPH_wrapper.xsa -regs
configparams mdm-detect-bscan-mask 2
targets -set -nocase -filter {name =~ "*microblaze*#0" && bscan=="USER2" }
rst -system
after 3000
targets -set -nocase -filter {name =~ "*microblaze*#0" && bscan=="USER2" }
dow C:/fpga_harman/250522_I2C_MASTER_MICROBLAZE/vitis2/asdf/Debug/asdf.elf
----------------End of Script----------------

10:59:47 INFO  : Context for processor 'microblaze_0' is selected.
10:59:47 INFO  : 'con' command is executed.
10:59:47 INFO  : ----------------XSDB Script (After Launch)----------------
targets -set -nocase -filter {name =~ "*microblaze*#0" && bscan=="USER2" }
con
----------------End of Script----------------

10:59:47 INFO  : Launch script is exported to file 'C:\fpga_harman\250522_I2C_MASTER_MICROBLAZE\vitis2\asdf_system\_ide\scripts\systemdebugger_asdf_system_standalone.tcl'
11:00:55 INFO  : Checking for BSP changes to sync application flags for project 'asdf'...
11:01:00 INFO  : Disconnected from the channel tcfchan#9.
11:01:00 INFO  : Connected to target on host '127.0.0.1' and port '3121'.
11:01:01 INFO  : Jtag cable 'Digilent Basys3 210183BB7AB8A' is selected.
11:01:01 INFO  : 'jtag frequency' command is executed.
11:01:01 INFO  : 'targets -set -filter {jtag_cable_name =~ "Digilent Basys3 210183BB7AB8A" && level==0 && jtag_device_ctx=="jsn-Basys3-210183BB7AB8A-0362d093-0"}' command is executed.
11:01:02 INFO  : Device configured successfully with "C:/fpga_harman/250522_I2C_MASTER_MICROBLAZE/vitis2/asdf/_ide/bitstream/AXI4_LITE_I2C_PERIPH_wrapper.bit"
11:01:02 INFO  : Context for processor 'microblaze_0' is selected.
11:01:03 INFO  : Hardware design and registers information is loaded from 'C:/fpga_harman/250522_I2C_MASTER_MICROBLAZE/vitis2/AXI4_LITE_I2C_PERIPH_wrapper/export/AXI4_LITE_I2C_PERIPH_wrapper/hw/AXI4_LITE_I2C_PERIPH_wrapper.xsa'.
11:01:03 INFO  : 'configparams mdm-detect-bscan-mask 2' command is executed.
11:01:03 INFO  : Context for processor 'microblaze_0' is selected.
11:01:03 INFO  : System reset is completed.
11:01:06 INFO  : 'after 3000' command is executed.
11:01:06 INFO  : Context for processor 'microblaze_0' is selected.
11:01:06 INFO  : The application 'C:/fpga_harman/250522_I2C_MASTER_MICROBLAZE/vitis2/asdf/Debug/asdf.elf' is downloaded to processor 'microblaze_0'.
11:01:06 INFO  : ----------------XSDB Script----------------
connect -url tcp:127.0.0.1:3121
targets -set -filter {jtag_cable_name =~ "Digilent Basys3 210183BB7AB8A" && level==0 && jtag_device_ctx=="jsn-Basys3-210183BB7AB8A-0362d093-0"}
fpga -file C:/fpga_harman/250522_I2C_MASTER_MICROBLAZE/vitis2/asdf/_ide/bitstream/AXI4_LITE_I2C_PERIPH_wrapper.bit
targets -set -nocase -filter {name =~ "*microblaze*#0" && bscan=="USER2" }
loadhw -hw C:/fpga_harman/250522_I2C_MASTER_MICROBLAZE/vitis2/AXI4_LITE_I2C_PERIPH_wrapper/export/AXI4_LITE_I2C_PERIPH_wrapper/hw/AXI4_LITE_I2C_PERIPH_wrapper.xsa -regs
configparams mdm-detect-bscan-mask 2
targets -set -nocase -filter {name =~ "*microblaze*#0" && bscan=="USER2" }
rst -system
after 3000
targets -set -nocase -filter {name =~ "*microblaze*#0" && bscan=="USER2" }
dow C:/fpga_harman/250522_I2C_MASTER_MICROBLAZE/vitis2/asdf/Debug/asdf.elf
----------------End of Script----------------

11:01:06 INFO  : Context for processor 'microblaze_0' is selected.
11:01:06 INFO  : 'con' command is executed.
11:01:06 INFO  : ----------------XSDB Script (After Launch)----------------
targets -set -nocase -filter {name =~ "*microblaze*#0" && bscan=="USER2" }
con
----------------End of Script----------------

11:01:06 INFO  : Launch script is exported to file 'C:\fpga_harman\250522_I2C_MASTER_MICROBLAZE\vitis2\asdf_system\_ide\scripts\systemdebugger_asdf_system_standalone.tcl'
12:33:10 INFO  : Checking for BSP changes to sync application flags for project 'asdf'...
12:33:29 INFO  : Disconnected from the channel tcfchan#10.
12:33:29 INFO  : Connected to target on host '127.0.0.1' and port '3121'.
12:33:29 INFO  : Jtag cable 'Digilent Basys3 210183BB7AB8A' is selected.
12:33:29 INFO  : 'jtag frequency' command is executed.
12:33:30 INFO  : 'targets -set -filter {jtag_cable_name =~ "Digilent Basys3 210183BB7AB8A" && level==0 && jtag_device_ctx=="jsn-Basys3-210183BB7AB8A-0362d093-0"}' command is executed.
12:33:31 INFO  : Device configured successfully with "C:/fpga_harman/250522_I2C_MASTER_MICROBLAZE/vitis2/asdf/_ide/bitstream/AXI4_LITE_I2C_PERIPH_wrapper.bit"
12:33:31 INFO  : Context for processor 'microblaze_0' is selected.
12:33:31 INFO  : Hardware design and registers information is loaded from 'C:/fpga_harman/250522_I2C_MASTER_MICROBLAZE/vitis2/AXI4_LITE_I2C_PERIPH_wrapper/export/AXI4_LITE_I2C_PERIPH_wrapper/hw/AXI4_LITE_I2C_PERIPH_wrapper.xsa'.
12:33:31 INFO  : 'configparams mdm-detect-bscan-mask 2' command is executed.
12:33:31 INFO  : Context for processor 'microblaze_0' is selected.
12:33:31 INFO  : System reset is completed.
12:33:34 INFO  : 'after 3000' command is executed.
12:33:34 INFO  : Context for processor 'microblaze_0' is selected.
12:33:34 INFO  : The application 'C:/fpga_harman/250522_I2C_MASTER_MICROBLAZE/vitis2/asdf/Debug/asdf.elf' is downloaded to processor 'microblaze_0'.
12:33:34 INFO  : ----------------XSDB Script----------------
connect -url tcp:127.0.0.1:3121
targets -set -filter {jtag_cable_name =~ "Digilent Basys3 210183BB7AB8A" && level==0 && jtag_device_ctx=="jsn-Basys3-210183BB7AB8A-0362d093-0"}
fpga -file C:/fpga_harman/250522_I2C_MASTER_MICROBLAZE/vitis2/asdf/_ide/bitstream/AXI4_LITE_I2C_PERIPH_wrapper.bit
targets -set -nocase -filter {name =~ "*microblaze*#0" && bscan=="USER2" }
loadhw -hw C:/fpga_harman/250522_I2C_MASTER_MICROBLAZE/vitis2/AXI4_LITE_I2C_PERIPH_wrapper/export/AXI4_LITE_I2C_PERIPH_wrapper/hw/AXI4_LITE_I2C_PERIPH_wrapper.xsa -regs
configparams mdm-detect-bscan-mask 2
targets -set -nocase -filter {name =~ "*microblaze*#0" && bscan=="USER2" }
rst -system
after 3000
targets -set -nocase -filter {name =~ "*microblaze*#0" && bscan=="USER2" }
dow C:/fpga_harman/250522_I2C_MASTER_MICROBLAZE/vitis2/asdf/Debug/asdf.elf
----------------End of Script----------------

12:33:35 INFO  : Context for processor 'microblaze_0' is selected.
12:33:35 INFO  : 'con' command is executed.
12:33:35 INFO  : ----------------XSDB Script (After Launch)----------------
targets -set -nocase -filter {name =~ "*microblaze*#0" && bscan=="USER2" }
con
----------------End of Script----------------

12:33:35 INFO  : Launch script is exported to file 'C:\fpga_harman\250522_I2C_MASTER_MICROBLAZE\vitis2\asdf_system\_ide\scripts\systemdebugger_asdf_system_standalone.tcl'
12:35:02 INFO  : Disconnected from the channel tcfchan#11.
12:35:02 INFO  : Connected to target on host '127.0.0.1' and port '3121'.
12:35:02 INFO  : Jtag cable 'Digilent Basys3 210183BB7AB8A' is selected.
12:35:02 INFO  : 'jtag frequency' command is executed.
12:35:03 INFO  : 'targets -set -filter {jtag_cable_name =~ "Digilent Basys3 210183BB7AB8A" && level==0 && jtag_device_ctx=="jsn-Basys3-210183BB7AB8A-0362d093-0"}' command is executed.
12:35:04 INFO  : Device configured successfully with "C:/fpga_harman/250522_I2C_MASTER_MICROBLAZE/vitis2/asdf/_ide/bitstream/AXI4_LITE_I2C_PERIPH_wrapper.bit"
12:35:04 INFO  : Context for processor 'microblaze_0' is selected.
12:35:04 INFO  : Hardware design and registers information is loaded from 'C:/fpga_harman/250522_I2C_MASTER_MICROBLAZE/vitis2/AXI4_LITE_I2C_PERIPH_wrapper/export/AXI4_LITE_I2C_PERIPH_wrapper/hw/AXI4_LITE_I2C_PERIPH_wrapper.xsa'.
12:35:04 INFO  : 'configparams mdm-detect-bscan-mask 2' command is executed.
12:35:04 INFO  : Context for processor 'microblaze_0' is selected.
12:35:04 INFO  : System reset is completed.
12:35:06 INFO  : Checking for BSP changes to sync application flags for project 'asdf'...
12:35:07 INFO  : 'after 3000' command is executed.
12:35:07 INFO  : Context for processor 'microblaze_0' is selected.
12:35:07 INFO  : The application 'C:/fpga_harman/250522_I2C_MASTER_MICROBLAZE/vitis2/asdf/Debug/asdf.elf' is downloaded to processor 'microblaze_0'.
12:35:07 INFO  : ----------------XSDB Script----------------
connect -url tcp:127.0.0.1:3121
targets -set -filter {jtag_cable_name =~ "Digilent Basys3 210183BB7AB8A" && level==0 && jtag_device_ctx=="jsn-Basys3-210183BB7AB8A-0362d093-0"}
fpga -file C:/fpga_harman/250522_I2C_MASTER_MICROBLAZE/vitis2/asdf/_ide/bitstream/AXI4_LITE_I2C_PERIPH_wrapper.bit
targets -set -nocase -filter {name =~ "*microblaze*#0" && bscan=="USER2" }
loadhw -hw C:/fpga_harman/250522_I2C_MASTER_MICROBLAZE/vitis2/AXI4_LITE_I2C_PERIPH_wrapper/export/AXI4_LITE_I2C_PERIPH_wrapper/hw/AXI4_LITE_I2C_PERIPH_wrapper.xsa -regs
configparams mdm-detect-bscan-mask 2
targets -set -nocase -filter {name =~ "*microblaze*#0" && bscan=="USER2" }
rst -system
after 3000
targets -set -nocase -filter {name =~ "*microblaze*#0" && bscan=="USER2" }
dow C:/fpga_harman/250522_I2C_MASTER_MICROBLAZE/vitis2/asdf/Debug/asdf.elf
----------------End of Script----------------

12:35:08 INFO  : Context for processor 'microblaze_0' is selected.
12:35:09 INFO  : 'con' command is executed.
12:35:09 INFO  : ----------------XSDB Script (After Launch)----------------
targets -set -nocase -filter {name =~ "*microblaze*#0" && bscan=="USER2" }
con
----------------End of Script----------------

12:35:09 INFO  : Launch script is exported to file 'C:\fpga_harman\250522_I2C_MASTER_MICROBLAZE\vitis2\asdf_system\_ide\scripts\systemdebugger_asdf_system_standalone.tcl'
12:35:15 INFO  : Disconnected from the channel tcfchan#12.
12:35:15 INFO  : Connected to target on host '127.0.0.1' and port '3121'.
12:35:16 INFO  : Jtag cable 'Digilent Basys3 210183BB7AB8A' is selected.
12:35:16 INFO  : 'jtag frequency' command is executed.
12:35:16 INFO  : 'targets -set -filter {jtag_cable_name =~ "Digilent Basys3 210183BB7AB8A" && level==0 && jtag_device_ctx=="jsn-Basys3-210183BB7AB8A-0362d093-0"}' command is executed.
12:35:17 INFO  : Device configured successfully with "C:/fpga_harman/250522_I2C_MASTER_MICROBLAZE/vitis2/asdf/_ide/bitstream/AXI4_LITE_I2C_PERIPH_wrapper.bit"
12:35:17 INFO  : Context for processor 'microblaze_0' is selected.
12:35:17 INFO  : Hardware design and registers information is loaded from 'C:/fpga_harman/250522_I2C_MASTER_MICROBLAZE/vitis2/AXI4_LITE_I2C_PERIPH_wrapper/export/AXI4_LITE_I2C_PERIPH_wrapper/hw/AXI4_LITE_I2C_PERIPH_wrapper.xsa'.
12:35:17 INFO  : 'configparams mdm-detect-bscan-mask 2' command is executed.
12:35:17 INFO  : Context for processor 'microblaze_0' is selected.
12:35:17 INFO  : System reset is completed.
12:35:20 INFO  : 'after 3000' command is executed.
12:35:20 INFO  : Context for processor 'microblaze_0' is selected.
12:35:21 INFO  : The application 'C:/fpga_harman/250522_I2C_MASTER_MICROBLAZE/vitis2/asdf/Debug/asdf.elf' is downloaded to processor 'microblaze_0'.
12:35:21 INFO  : ----------------XSDB Script----------------
connect -url tcp:127.0.0.1:3121
targets -set -filter {jtag_cable_name =~ "Digilent Basys3 210183BB7AB8A" && level==0 && jtag_device_ctx=="jsn-Basys3-210183BB7AB8A-0362d093-0"}
fpga -file C:/fpga_harman/250522_I2C_MASTER_MICROBLAZE/vitis2/asdf/_ide/bitstream/AXI4_LITE_I2C_PERIPH_wrapper.bit
targets -set -nocase -filter {name =~ "*microblaze*#0" && bscan=="USER2" }
loadhw -hw C:/fpga_harman/250522_I2C_MASTER_MICROBLAZE/vitis2/AXI4_LITE_I2C_PERIPH_wrapper/export/AXI4_LITE_I2C_PERIPH_wrapper/hw/AXI4_LITE_I2C_PERIPH_wrapper.xsa -regs
configparams mdm-detect-bscan-mask 2
targets -set -nocase -filter {name =~ "*microblaze*#0" && bscan=="USER2" }
rst -system
after 3000
targets -set -nocase -filter {name =~ "*microblaze*#0" && bscan=="USER2" }
dow C:/fpga_harman/250522_I2C_MASTER_MICROBLAZE/vitis2/asdf/Debug/asdf.elf
----------------End of Script----------------

12:35:21 INFO  : Context for processor 'microblaze_0' is selected.
12:35:22 INFO  : 'con' command is executed.
12:35:22 INFO  : ----------------XSDB Script (After Launch)----------------
targets -set -nocase -filter {name =~ "*microblaze*#0" && bscan=="USER2" }
con
----------------End of Script----------------

12:35:22 INFO  : Launch script is exported to file 'C:\fpga_harman\250522_I2C_MASTER_MICROBLAZE\vitis2\asdf_system\_ide\scripts\systemdebugger_asdf_system_standalone.tcl'
12:46:02 INFO  : Checking for BSP changes to sync application flags for project 'asdf'...
12:46:12 INFO  : Disconnected from the channel tcfchan#13.
12:46:12 INFO  : Connected to target on host '127.0.0.1' and port '3121'.
12:46:12 INFO  : Jtag cable 'Digilent Basys3 210183BB7AB8A' is selected.
12:46:12 INFO  : 'jtag frequency' command is executed.
12:46:13 INFO  : 'targets -set -filter {jtag_cable_name =~ "Digilent Basys3 210183BB7AB8A" && level==0 && jtag_device_ctx=="jsn-Basys3-210183BB7AB8A-0362d093-0"}' command is executed.
12:46:14 INFO  : Device configured successfully with "C:/fpga_harman/250522_I2C_MASTER_MICROBLAZE/vitis2/asdf/_ide/bitstream/AXI4_LITE_I2C_PERIPH_wrapper.bit"
12:46:14 INFO  : Context for processor 'microblaze_0' is selected.
12:46:14 INFO  : Hardware design and registers information is loaded from 'C:/fpga_harman/250522_I2C_MASTER_MICROBLAZE/vitis2/AXI4_LITE_I2C_PERIPH_wrapper/export/AXI4_LITE_I2C_PERIPH_wrapper/hw/AXI4_LITE_I2C_PERIPH_wrapper.xsa'.
12:46:14 INFO  : 'configparams mdm-detect-bscan-mask 2' command is executed.
12:46:14 INFO  : Context for processor 'microblaze_0' is selected.
12:46:14 INFO  : System reset is completed.
12:46:17 INFO  : 'after 3000' command is executed.
12:46:17 INFO  : Context for processor 'microblaze_0' is selected.
12:46:17 INFO  : The application 'C:/fpga_harman/250522_I2C_MASTER_MICROBLAZE/vitis2/asdf/Debug/asdf.elf' is downloaded to processor 'microblaze_0'.
12:46:17 INFO  : ----------------XSDB Script----------------
connect -url tcp:127.0.0.1:3121
targets -set -filter {jtag_cable_name =~ "Digilent Basys3 210183BB7AB8A" && level==0 && jtag_device_ctx=="jsn-Basys3-210183BB7AB8A-0362d093-0"}
fpga -file C:/fpga_harman/250522_I2C_MASTER_MICROBLAZE/vitis2/asdf/_ide/bitstream/AXI4_LITE_I2C_PERIPH_wrapper.bit
targets -set -nocase -filter {name =~ "*microblaze*#0" && bscan=="USER2" }
loadhw -hw C:/fpga_harman/250522_I2C_MASTER_MICROBLAZE/vitis2/AXI4_LITE_I2C_PERIPH_wrapper/export/AXI4_LITE_I2C_PERIPH_wrapper/hw/AXI4_LITE_I2C_PERIPH_wrapper.xsa -regs
configparams mdm-detect-bscan-mask 2
targets -set -nocase -filter {name =~ "*microblaze*#0" && bscan=="USER2" }
rst -system
after 3000
targets -set -nocase -filter {name =~ "*microblaze*#0" && bscan=="USER2" }
dow C:/fpga_harman/250522_I2C_MASTER_MICROBLAZE/vitis2/asdf/Debug/asdf.elf
----------------End of Script----------------

12:46:17 INFO  : Context for processor 'microblaze_0' is selected.
12:46:18 INFO  : 'con' command is executed.
12:46:18 INFO  : ----------------XSDB Script (After Launch)----------------
targets -set -nocase -filter {name =~ "*microblaze*#0" && bscan=="USER2" }
con
----------------End of Script----------------

12:46:18 INFO  : Launch script is exported to file 'C:\fpga_harman\250522_I2C_MASTER_MICROBLAZE\vitis2\asdf_system\_ide\scripts\systemdebugger_asdf_system_standalone.tcl'
12:56:29 INFO  : Disconnected from the channel tcfchan#14.
12:56:29 INFO  : Connected to target on host '127.0.0.1' and port '3121'.
12:56:30 INFO  : Jtag cable 'Digilent Basys3 210183BB7AB8A' is selected.
12:56:30 INFO  : 'jtag frequency' command is executed.
12:56:30 INFO  : 'targets -set -filter {jtag_cable_name =~ "Digilent Basys3 210183BB7AB8A" && level==0 && jtag_device_ctx=="jsn-Basys3-210183BB7AB8A-0362d093-0"}' command is executed.
12:56:31 INFO  : Device configured successfully with "C:/fpga_harman/250522_I2C_MASTER_MICROBLAZE/vitis2/asdf/_ide/bitstream/AXI4_LITE_I2C_PERIPH_wrapper.bit"
12:56:31 INFO  : Context for processor 'microblaze_0' is selected.
12:56:31 INFO  : Hardware design and registers information is loaded from 'C:/fpga_harman/250522_I2C_MASTER_MICROBLAZE/vitis2/AXI4_LITE_I2C_PERIPH_wrapper/export/AXI4_LITE_I2C_PERIPH_wrapper/hw/AXI4_LITE_I2C_PERIPH_wrapper.xsa'.
12:56:31 INFO  : 'configparams mdm-detect-bscan-mask 2' command is executed.
12:56:31 INFO  : Context for processor 'microblaze_0' is selected.
12:56:31 INFO  : System reset is completed.
12:56:35 INFO  : 'after 3000' command is executed.
12:56:35 INFO  : Context for processor 'microblaze_0' is selected.
12:56:35 INFO  : The application 'C:/fpga_harman/250522_I2C_MASTER_MICROBLAZE/vitis2/asdf/Debug/asdf.elf' is downloaded to processor 'microblaze_0'.
12:56:35 INFO  : ----------------XSDB Script----------------
connect -url tcp:127.0.0.1:3121
targets -set -filter {jtag_cable_name =~ "Digilent Basys3 210183BB7AB8A" && level==0 && jtag_device_ctx=="jsn-Basys3-210183BB7AB8A-0362d093-0"}
fpga -file C:/fpga_harman/250522_I2C_MASTER_MICROBLAZE/vitis2/asdf/_ide/bitstream/AXI4_LITE_I2C_PERIPH_wrapper.bit
targets -set -nocase -filter {name =~ "*microblaze*#0" && bscan=="USER2" }
loadhw -hw C:/fpga_harman/250522_I2C_MASTER_MICROBLAZE/vitis2/AXI4_LITE_I2C_PERIPH_wrapper/export/AXI4_LITE_I2C_PERIPH_wrapper/hw/AXI4_LITE_I2C_PERIPH_wrapper.xsa -regs
configparams mdm-detect-bscan-mask 2
targets -set -nocase -filter {name =~ "*microblaze*#0" && bscan=="USER2" }
rst -system
after 3000
targets -set -nocase -filter {name =~ "*microblaze*#0" && bscan=="USER2" }
dow C:/fpga_harman/250522_I2C_MASTER_MICROBLAZE/vitis2/asdf/Debug/asdf.elf
----------------End of Script----------------

12:56:35 INFO  : Context for processor 'microblaze_0' is selected.
12:56:35 INFO  : 'con' command is executed.
12:56:35 INFO  : ----------------XSDB Script (After Launch)----------------
targets -set -nocase -filter {name =~ "*microblaze*#0" && bscan=="USER2" }
con
----------------End of Script----------------

12:56:35 INFO  : Launch script is exported to file 'C:\fpga_harman\250522_I2C_MASTER_MICROBLAZE\vitis2\asdf_system\_ide\scripts\systemdebugger_asdf_system_standalone.tcl'
16:37:00 INFO  : Hardware specification for platform project 'AXI4_LITE_I2C_PERIPH_wrapper' is updated.
16:41:56 INFO  : Checking for BSP changes to sync application flags for project 'asdf'...
16:41:57 INFO  : Updating application flags with new BSP settings...
16:41:57 ERROR : Failed to update application flags from BSP for 'asdf'. Reason: null
java.lang.NullPointerException
	at com.xilinx.sdk.sw.internal.SwDb.getComponentAppCompilerFlags(SwDb.java:762)
	at com.xilinx.sdx.sw.internal.SDxSwPlatform.getSwPlatformCompilerFlags(SDxSwPlatform.java:1177)
	at com.xilinx.sdx.sdk.core.build.AppSwBuildOptionsHelper.inferSwPlatformFlags(AppSwBuildOptionsHelper.java:54)
	at com.xilinx.sdx.sdk.core.build.AppSwBuildOptionsHelper.updateBuildOptions(AppSwBuildOptionsHelper.java:46)
	at com.xilinx.sdx.sdk.core.build.SdkMakefileGenerationListener.updateSwBuildOptions(SdkMakefileGenerationListener.java:215)
	at com.xilinx.sdx.sdk.core.build.SdkMakefileGenerationListener.syncAppFlags(SdkMakefileGenerationListener.java:99)
	at com.xilinx.sdx.sdk.core.build.SdkMakefileGenerationListener.preMakefileGeneration(SdkMakefileGenerationListener.java:48)
	at com.xilinx.sdk.managedbuilder.XilinxGnuMakefileGenerator.notifyPreMakefileGenerationListeners(XilinxGnuMakefileGenerator.java:91)
	at com.xilinx.sdk.managedbuilder.XilinxGnuMakefileGenerator.regenerateMakefiles(XilinxGnuMakefileGenerator.java:75)
	at org.eclipse.cdt.managedbuilder.internal.core.CommonBuilder.performMakefileGeneration(CommonBuilder.java:1006)
	at org.eclipse.cdt.managedbuilder.internal.core.CommonBuilder.performPrebuildGeneration(CommonBuilder.java:873)
	at org.eclipse.cdt.managedbuilder.internal.core.CommonBuilder.build(CommonBuilder.java:748)
	at org.eclipse.cdt.managedbuilder.internal.core.CommonBuilder.build(CommonBuilder.java:513)
	at org.eclipse.cdt.managedbuilder.internal.core.CommonBuilder.build(CommonBuilder.java:459)
	at org.eclipse.core.internal.events.BuildManager$2.run(BuildManager.java:832)
	at org.eclipse.core.runtime.SafeRunner.run(SafeRunner.java:45)
	at org.eclipse.core.internal.events.BuildManager.basicBuild(BuildManager.java:220)
	at org.eclipse.core.internal.events.BuildManager.basicBuild(BuildManager.java:263)
	at org.eclipse.core.internal.events.BuildManager$1.run(BuildManager.java:316)
	at org.eclipse.core.runtime.SafeRunner.run(SafeRunner.java:45)
	at org.eclipse.core.internal.events.BuildManager.basicBuild(BuildManager.java:319)
	at org.eclipse.core.internal.events.BuildManager.basicBuildLoop(BuildManager.java:371)
	at org.eclipse.core.internal.events.BuildManager.build(BuildManager.java:392)
	at org.eclipse.core.internal.resources.Workspace.buildInternal(Workspace.java:515)
	at org.eclipse.core.internal.resources.Workspace.build(Workspace.java:412)
	at org.eclipse.ui.actions.BuildAction$1.runInWorkspace(BuildAction.java:291)
	at org.eclipse.core.internal.resources.InternalWorkspaceJob.run(InternalWorkspaceJob.java:42)
	at org.eclipse.core.internal.jobs.Worker.run(Worker.java:63)
16:42:07 INFO  : The hardware specfication used by project 'asdf' is out of sync with the platform. Resource files extracted from the hardware specfiication will be updated.
16:42:07 INFO  : The file 'C:\fpga_harman\250522_I2C_MASTER_MICROBLAZE\vitis2\asdf\_ide\bitstream\AXI4_LITE_I2C_PERIPH_wrapper.bit' stored in project is removed.
16:42:07 INFO  : The file 'C:\fpga_harman\250522_I2C_MASTER_MICROBLAZE\vitis2\asdf\_ide\bitstream\AXI4_LITE_I2C_PERIPH_wrapper.mmi' stored in project is removed.
16:42:07 INFO  : The updated bitstream files are copied from platform to folder 'C:\fpga_harman\250522_I2C_MASTER_MICROBLAZE\vitis2\asdf\_ide\bitstream' in project 'asdf'.
16:43:23 INFO  : Checking for BSP changes to sync application flags for project 'asdf'...
16:43:23 INFO  : Updating application flags with new BSP settings...
16:43:23 ERROR : Failed to update application flags from BSP for 'asdf'. Reason: null
java.lang.NullPointerException
	at com.xilinx.sdk.sw.internal.SwDb.getComponentAppCompilerFlags(SwDb.java:762)
	at com.xilinx.sdx.sw.internal.SDxSwPlatform.getSwPlatformCompilerFlags(SDxSwPlatform.java:1177)
	at com.xilinx.sdx.sdk.core.build.AppSwBuildOptionsHelper.inferSwPlatformFlags(AppSwBuildOptionsHelper.java:54)
	at com.xilinx.sdx.sdk.core.build.AppSwBuildOptionsHelper.updateBuildOptions(AppSwBuildOptionsHelper.java:46)
	at com.xilinx.sdx.sdk.core.build.SdkMakefileGenerationListener.updateSwBuildOptions(SdkMakefileGenerationListener.java:215)
	at com.xilinx.sdx.sdk.core.build.SdkMakefileGenerationListener.syncAppFlags(SdkMakefileGenerationListener.java:99)
	at com.xilinx.sdx.sdk.core.build.SdkMakefileGenerationListener.preMakefileGeneration(SdkMakefileGenerationListener.java:48)
	at com.xilinx.sdk.managedbuilder.XilinxGnuMakefileGenerator.notifyPreMakefileGenerationListeners(XilinxGnuMakefileGenerator.java:91)
	at com.xilinx.sdk.managedbuilder.XilinxGnuMakefileGenerator.generateMakefiles(XilinxGnuMakefileGenerator.java:40)
	at org.eclipse.cdt.managedbuilder.internal.core.CommonBuilder.performMakefileGeneration(CommonBuilder.java:1008)
	at org.eclipse.cdt.managedbuilder.internal.core.CommonBuilder.performPrebuildGeneration(CommonBuilder.java:873)
	at org.eclipse.cdt.managedbuilder.internal.core.CommonBuilder.build(CommonBuilder.java:748)
	at org.eclipse.cdt.managedbuilder.internal.core.CommonBuilder.build(CommonBuilder.java:510)
	at org.eclipse.cdt.managedbuilder.internal.core.CommonBuilder.build(CommonBuilder.java:459)
	at org.eclipse.core.internal.events.BuildManager$2.run(BuildManager.java:832)
	at org.eclipse.core.runtime.SafeRunner.run(SafeRunner.java:45)
	at org.eclipse.core.internal.events.BuildManager.basicBuild(BuildManager.java:220)
	at org.eclipse.core.internal.events.BuildManager.basicBuild(BuildManager.java:263)
	at org.eclipse.core.internal.events.BuildManager$1.run(BuildManager.java:316)
	at org.eclipse.core.runtime.SafeRunner.run(SafeRunner.java:45)
	at org.eclipse.core.internal.events.BuildManager.basicBuild(BuildManager.java:319)
	at org.eclipse.core.internal.events.BuildManager.basicBuildLoop(BuildManager.java:371)
	at org.eclipse.core.internal.events.BuildManager.build(BuildManager.java:392)
	at org.eclipse.core.internal.resources.Workspace.buildInternal(Workspace.java:515)
	at org.eclipse.core.internal.resources.Workspace.build(Workspace.java:412)
	at org.eclipse.ui.actions.BuildAction$1.runInWorkspace(BuildAction.java:291)
	at org.eclipse.core.internal.resources.InternalWorkspaceJob.run(InternalWorkspaceJob.java:42)
	at org.eclipse.core.internal.jobs.Worker.run(Worker.java:63)
17:09:56 INFO  : Checking for BSP changes to sync application flags for project 'asdf'...
17:09:56 INFO  : Updating application flags with new BSP settings...
17:09:56 ERROR : Failed to update application flags from BSP for 'asdf'. Reason: null
java.lang.NullPointerException
	at com.xilinx.sdk.sw.internal.SwDb.getComponentAppCompilerFlags(SwDb.java:762)
	at com.xilinx.sdx.sw.internal.SDxSwPlatform.getSwPlatformCompilerFlags(SDxSwPlatform.java:1177)
	at com.xilinx.sdx.sdk.core.build.AppSwBuildOptionsHelper.inferSwPlatformFlags(AppSwBuildOptionsHelper.java:54)
	at com.xilinx.sdx.sdk.core.build.AppSwBuildOptionsHelper.updateBuildOptions(AppSwBuildOptionsHelper.java:46)
	at com.xilinx.sdx.sdk.core.build.SdkMakefileGenerationListener.updateSwBuildOptions(SdkMakefileGenerationListener.java:215)
	at com.xilinx.sdx.sdk.core.build.SdkMakefileGenerationListener.syncAppFlags(SdkMakefileGenerationListener.java:99)
	at com.xilinx.sdx.sdk.core.build.SdkMakefileGenerationListener.preMakefileGeneration(SdkMakefileGenerationListener.java:48)
	at com.xilinx.sdk.managedbuilder.XilinxGnuMakefileGenerator.notifyPreMakefileGenerationListeners(XilinxGnuMakefileGenerator.java:91)
	at com.xilinx.sdk.managedbuilder.XilinxGnuMakefileGenerator.generateMakefiles(XilinxGnuMakefileGenerator.java:40)
	at org.eclipse.cdt.managedbuilder.internal.core.CommonBuilder.performMakefileGeneration(CommonBuilder.java:1008)
	at org.eclipse.cdt.managedbuilder.internal.core.CommonBuilder.performPrebuildGeneration(CommonBuilder.java:873)
	at org.eclipse.cdt.managedbuilder.internal.core.CommonBuilder.build(CommonBuilder.java:748)
	at org.eclipse.cdt.managedbuilder.internal.core.CommonBuilder.build(CommonBuilder.java:510)
	at org.eclipse.cdt.managedbuilder.internal.core.CommonBuilder.build(CommonBuilder.java:459)
	at org.eclipse.core.internal.events.BuildManager$2.run(BuildManager.java:832)
	at org.eclipse.core.runtime.SafeRunner.run(SafeRunner.java:45)
	at org.eclipse.core.internal.events.BuildManager.basicBuild(BuildManager.java:220)
	at org.eclipse.core.internal.events.BuildManager.basicBuild(BuildManager.java:263)
	at org.eclipse.core.internal.events.BuildManager$1.run(BuildManager.java:316)
	at org.eclipse.core.runtime.SafeRunner.run(SafeRunner.java:45)
	at org.eclipse.core.internal.events.BuildManager.basicBuild(BuildManager.java:319)
	at org.eclipse.core.internal.events.BuildManager.basicBuildLoop(BuildManager.java:371)
	at org.eclipse.core.internal.events.BuildManager.build(BuildManager.java:392)
	at org.eclipse.core.internal.resources.Workspace.buildInternal(Workspace.java:515)
	at org.eclipse.core.internal.resources.Workspace.build(Workspace.java:412)
	at org.eclipse.ui.actions.BuildAction$1.runInWorkspace(BuildAction.java:291)
	at org.eclipse.core.internal.resources.InternalWorkspaceJob.run(InternalWorkspaceJob.java:42)
	at org.eclipse.core.internal.jobs.Worker.run(Worker.java:63)
17:10:25 INFO  : Checking for BSP changes to sync application flags for project 'asdf'...
17:10:25 INFO  : Updating application flags with new BSP settings...
17:10:25 ERROR : Failed to update application flags from BSP for 'asdf'. Reason: null
java.lang.NullPointerException
	at com.xilinx.sdk.sw.internal.SwDb.getComponentAppCompilerFlags(SwDb.java:762)
	at com.xilinx.sdx.sw.internal.SDxSwPlatform.getSwPlatformCompilerFlags(SDxSwPlatform.java:1177)
	at com.xilinx.sdx.sdk.core.build.AppSwBuildOptionsHelper.inferSwPlatformFlags(AppSwBuildOptionsHelper.java:54)
	at com.xilinx.sdx.sdk.core.build.AppSwBuildOptionsHelper.updateBuildOptions(AppSwBuildOptionsHelper.java:46)
	at com.xilinx.sdx.sdk.core.build.SdkMakefileGenerationListener.updateSwBuildOptions(SdkMakefileGenerationListener.java:215)
	at com.xilinx.sdx.sdk.core.build.SdkMakefileGenerationListener.syncAppFlags(SdkMakefileGenerationListener.java:99)
	at com.xilinx.sdx.sdk.core.build.SdkMakefileGenerationListener.preMakefileGeneration(SdkMakefileGenerationListener.java:48)
	at com.xilinx.sdk.managedbuilder.XilinxGnuMakefileGenerator.notifyPreMakefileGenerationListeners(XilinxGnuMakefileGenerator.java:91)
	at com.xilinx.sdk.managedbuilder.XilinxGnuMakefileGenerator.generateMakefiles(XilinxGnuMakefileGenerator.java:40)
	at org.eclipse.cdt.managedbuilder.internal.core.CommonBuilder.performMakefileGeneration(CommonBuilder.java:1008)
	at org.eclipse.cdt.managedbuilder.internal.core.CommonBuilder.performPrebuildGeneration(CommonBuilder.java:873)
	at org.eclipse.cdt.managedbuilder.internal.core.CommonBuilder.build(CommonBuilder.java:748)
	at org.eclipse.cdt.managedbuilder.internal.core.CommonBuilder.build(CommonBuilder.java:510)
	at org.eclipse.cdt.managedbuilder.internal.core.CommonBuilder.build(CommonBuilder.java:459)
	at org.eclipse.core.internal.events.BuildManager$2.run(BuildManager.java:832)
	at org.eclipse.core.runtime.SafeRunner.run(SafeRunner.java:45)
	at org.eclipse.core.internal.events.BuildManager.basicBuild(BuildManager.java:220)
	at org.eclipse.core.internal.events.BuildManager.basicBuild(BuildManager.java:263)
	at org.eclipse.core.internal.events.BuildManager$1.run(BuildManager.java:316)
	at org.eclipse.core.runtime.SafeRunner.run(SafeRunner.java:45)
	at org.eclipse.core.internal.events.BuildManager.basicBuild(BuildManager.java:319)
	at org.eclipse.core.internal.events.BuildManager.basicBuildLoop(BuildManager.java:371)
	at org.eclipse.core.internal.events.BuildManager.build(BuildManager.java:392)
	at org.eclipse.core.internal.resources.Workspace.buildInternal(Workspace.java:515)
	at org.eclipse.core.internal.resources.Workspace.build(Workspace.java:412)
	at org.eclipse.ui.actions.BuildAction$1.runInWorkspace(BuildAction.java:291)
	at org.eclipse.core.internal.resources.InternalWorkspaceJob.run(InternalWorkspaceJob.java:42)
	at org.eclipse.core.internal.jobs.Worker.run(Worker.java:63)
17:11:03 INFO  : Checking for BSP changes to sync application flags for project 'asdf'...
17:11:03 INFO  : Updating application flags with new BSP settings...
17:11:03 ERROR : Failed to update application flags from BSP for 'asdf'. Reason: null
java.lang.NullPointerException
	at com.xilinx.sdk.sw.internal.SwDb.getComponentAppCompilerFlags(SwDb.java:762)
	at com.xilinx.sdx.sw.internal.SDxSwPlatform.getSwPlatformCompilerFlags(SDxSwPlatform.java:1177)
	at com.xilinx.sdx.sdk.core.build.AppSwBuildOptionsHelper.inferSwPlatformFlags(AppSwBuildOptionsHelper.java:54)
	at com.xilinx.sdx.sdk.core.build.AppSwBuildOptionsHelper.updateBuildOptions(AppSwBuildOptionsHelper.java:46)
	at com.xilinx.sdx.sdk.core.build.SdkMakefileGenerationListener.updateSwBuildOptions(SdkMakefileGenerationListener.java:215)
	at com.xilinx.sdx.sdk.core.build.SdkMakefileGenerationListener.syncAppFlags(SdkMakefileGenerationListener.java:99)
	at com.xilinx.sdx.sdk.core.build.SdkMakefileGenerationListener.preMakefileGeneration(SdkMakefileGenerationListener.java:48)
	at com.xilinx.sdk.managedbuilder.XilinxGnuMakefileGenerator.notifyPreMakefileGenerationListeners(XilinxGnuMakefileGenerator.java:91)
	at com.xilinx.sdk.managedbuilder.XilinxGnuMakefileGenerator.generateMakefiles(XilinxGnuMakefileGenerator.java:40)
	at org.eclipse.cdt.managedbuilder.internal.core.CommonBuilder.performMakefileGeneration(CommonBuilder.java:1008)
	at org.eclipse.cdt.managedbuilder.internal.core.CommonBuilder.performPrebuildGeneration(CommonBuilder.java:873)
	at org.eclipse.cdt.managedbuilder.internal.core.CommonBuilder.build(CommonBuilder.java:748)
	at org.eclipse.cdt.managedbuilder.internal.core.CommonBuilder.build(CommonBuilder.java:510)
	at org.eclipse.cdt.managedbuilder.internal.core.CommonBuilder.build(CommonBuilder.java:459)
	at org.eclipse.core.internal.events.BuildManager$2.run(BuildManager.java:832)
	at org.eclipse.core.runtime.SafeRunner.run(SafeRunner.java:45)
	at org.eclipse.core.internal.events.BuildManager.basicBuild(BuildManager.java:220)
	at org.eclipse.core.internal.events.BuildManager.basicBuild(BuildManager.java:263)
	at org.eclipse.core.internal.events.BuildManager$1.run(BuildManager.java:316)
	at org.eclipse.core.runtime.SafeRunner.run(SafeRunner.java:45)
	at org.eclipse.core.internal.events.BuildManager.basicBuild(BuildManager.java:319)
	at org.eclipse.core.internal.events.BuildManager.basicBuildLoop(BuildManager.java:371)
	at org.eclipse.core.internal.events.BuildManager.build(BuildManager.java:392)
	at org.eclipse.core.internal.resources.Workspace.buildInternal(Workspace.java:515)
	at org.eclipse.core.internal.resources.Workspace.build(Workspace.java:412)
	at org.eclipse.ui.actions.BuildAction$1.runInWorkspace(BuildAction.java:291)
	at org.eclipse.core.internal.resources.InternalWorkspaceJob.run(InternalWorkspaceJob.java:42)
	at org.eclipse.core.internal.jobs.Worker.run(Worker.java:63)
17:11:17 INFO  : Checking for BSP changes to sync application flags for project 'asdf'...
17:11:17 INFO  : Updating application flags with new BSP settings...
17:11:17 ERROR : Failed to update application flags from BSP for 'asdf'. Reason: null
java.lang.NullPointerException
	at com.xilinx.sdk.sw.internal.SwDb.getComponentAppCompilerFlags(SwDb.java:762)
	at com.xilinx.sdx.sw.internal.SDxSwPlatform.getSwPlatformCompilerFlags(SDxSwPlatform.java:1177)
	at com.xilinx.sdx.sdk.core.build.AppSwBuildOptionsHelper.inferSwPlatformFlags(AppSwBuildOptionsHelper.java:54)
	at com.xilinx.sdx.sdk.core.build.AppSwBuildOptionsHelper.updateBuildOptions(AppSwBuildOptionsHelper.java:46)
	at com.xilinx.sdx.sdk.core.build.SdkMakefileGenerationListener.updateSwBuildOptions(SdkMakefileGenerationListener.java:215)
	at com.xilinx.sdx.sdk.core.build.SdkMakefileGenerationListener.syncAppFlags(SdkMakefileGenerationListener.java:99)
	at com.xilinx.sdx.sdk.core.build.SdkMakefileGenerationListener.preMakefileGeneration(SdkMakefileGenerationListener.java:48)
	at com.xilinx.sdk.managedbuilder.XilinxGnuMakefileGenerator.notifyPreMakefileGenerationListeners(XilinxGnuMakefileGenerator.java:91)
	at com.xilinx.sdk.managedbuilder.XilinxGnuMakefileGenerator.generateMakefiles(XilinxGnuMakefileGenerator.java:40)
	at org.eclipse.cdt.managedbuilder.internal.core.CommonBuilder.performMakefileGeneration(CommonBuilder.java:1008)
	at org.eclipse.cdt.managedbuilder.internal.core.CommonBuilder.performPrebuildGeneration(CommonBuilder.java:873)
	at org.eclipse.cdt.managedbuilder.internal.core.CommonBuilder.build(CommonBuilder.java:748)
	at org.eclipse.cdt.managedbuilder.internal.core.CommonBuilder.build(CommonBuilder.java:510)
	at org.eclipse.cdt.managedbuilder.internal.core.CommonBuilder.build(CommonBuilder.java:459)
	at org.eclipse.core.internal.events.BuildManager$2.run(BuildManager.java:832)
	at org.eclipse.core.runtime.SafeRunner.run(SafeRunner.java:45)
	at org.eclipse.core.internal.events.BuildManager.basicBuild(BuildManager.java:220)
	at org.eclipse.core.internal.events.BuildManager.basicBuild(BuildManager.java:263)
	at org.eclipse.core.internal.events.BuildManager$1.run(BuildManager.java:316)
	at org.eclipse.core.runtime.SafeRunner.run(SafeRunner.java:45)
	at org.eclipse.core.internal.events.BuildManager.basicBuild(BuildManager.java:319)
	at org.eclipse.core.internal.events.BuildManager.basicBuildLoop(BuildManager.java:371)
	at org.eclipse.core.internal.events.BuildManager.build(BuildManager.java:392)
	at org.eclipse.core.internal.resources.Workspace.buildInternal(Workspace.java:515)
	at org.eclipse.core.internal.resources.Workspace.build(Workspace.java:412)
	at org.eclipse.ui.actions.BuildAction$1.runInWorkspace(BuildAction.java:291)
	at org.eclipse.core.internal.resources.InternalWorkspaceJob.run(InternalWorkspaceJob.java:42)
	at org.eclipse.core.internal.jobs.Worker.run(Worker.java:63)
17:12:53 INFO  : Disconnected from the channel tcfchan#15.
17:12:53 INFO  : Connected to target on host '127.0.0.1' and port '3121'.
17:13:12 INFO  : ----------------XSDB Script----------------
connect -url tcp:127.0.0.1:3121
----------------End of Script----------------

17:13:12 ERROR : Could not find FPGA device on the board for connection 'Local'.


Troubleshooting hints:
1. Check whether board is connected to system properly.
2. In case of zynq board, check whether Digilent/Xilinx cable switch settings are correct.
3. If you are using Xilinx Platform Cable USB, ensure that status LED is green.
17:13:29 INFO  : Connected to target on host '127.0.0.1' and port '3121'.
17:13:30 INFO  : Jtag cable 'Digilent Basys3 210183BB7AB8A' is selected.
17:13:30 INFO  : 'jtag frequency' command is executed.
17:13:31 INFO  : 'targets -set -filter {jtag_cable_name =~ "Digilent Basys3 210183BB7AB8A" && level==0 && jtag_device_ctx=="jsn-Basys3-210183BB7AB8A-0362d093-0"}' command is executed.
17:13:32 INFO  : Device configured successfully with "C:/fpga_harman/250522_I2C_MASTER_MICROBLAZE/vitis2/asdf/_ide/bitstream/AXI4_LITE_I2C_PERIPH_wrapper.bit"
17:13:32 INFO  : Context for processor 'microblaze_0' is selected.
17:13:32 INFO  : Hardware design and registers information is loaded from 'C:/fpga_harman/250522_I2C_MASTER_MICROBLAZE/vitis2/AXI4_LITE_I2C_PERIPH_wrapper/export/AXI4_LITE_I2C_PERIPH_wrapper/hw/AXI4_LITE_I2C_PERIPH_wrapper.xsa'.
17:13:32 INFO  : 'configparams mdm-detect-bscan-mask 2' command is executed.
17:13:32 INFO  : Context for processor 'microblaze_0' is selected.
17:13:32 INFO  : System reset is completed.
17:13:35 INFO  : 'after 3000' command is executed.
17:13:35 INFO  : Context for processor 'microblaze_0' is selected.
17:13:36 INFO  : The application 'C:/fpga_harman/250522_I2C_MASTER_MICROBLAZE/vitis2/asdf/Debug/asdf.elf' is downloaded to processor 'microblaze_0'.
17:13:36 INFO  : ----------------XSDB Script----------------
connect -url tcp:127.0.0.1:3121
targets -set -filter {jtag_cable_name =~ "Digilent Basys3 210183BB7AB8A" && level==0 && jtag_device_ctx=="jsn-Basys3-210183BB7AB8A-0362d093-0"}
fpga -file C:/fpga_harman/250522_I2C_MASTER_MICROBLAZE/vitis2/asdf/_ide/bitstream/AXI4_LITE_I2C_PERIPH_wrapper.bit
targets -set -nocase -filter {name =~ "*microblaze*#0" && bscan=="USER2" }
loadhw -hw C:/fpga_harman/250522_I2C_MASTER_MICROBLAZE/vitis2/AXI4_LITE_I2C_PERIPH_wrapper/export/AXI4_LITE_I2C_PERIPH_wrapper/hw/AXI4_LITE_I2C_PERIPH_wrapper.xsa -regs
configparams mdm-detect-bscan-mask 2
targets -set -nocase -filter {name =~ "*microblaze*#0" && bscan=="USER2" }
rst -system
after 3000
targets -set -nocase -filter {name =~ "*microblaze*#0" && bscan=="USER2" }
dow C:/fpga_harman/250522_I2C_MASTER_MICROBLAZE/vitis2/asdf/Debug/asdf.elf
----------------End of Script----------------

17:13:36 INFO  : Context for processor 'microblaze_0' is selected.
17:13:36 INFO  : 'con' command is executed.
17:13:36 INFO  : ----------------XSDB Script (After Launch)----------------
targets -set -nocase -filter {name =~ "*microblaze*#0" && bscan=="USER2" }
con
----------------End of Script----------------

17:13:36 INFO  : Launch script is exported to file 'C:\fpga_harman\250522_I2C_MASTER_MICROBLAZE\vitis2\asdf_system\_ide\scripts\systemdebugger_asdf_system_standalone.tcl'
17:23:35 INFO  : Checking for BSP changes to sync application flags for project 'asdf'...
17:23:35 INFO  : Updating application flags with new BSP settings...
17:23:35 ERROR : Failed to update application flags from BSP for 'asdf'. Reason: null
java.lang.NullPointerException
	at com.xilinx.sdk.sw.internal.SwDb.getComponentAppCompilerFlags(SwDb.java:762)
	at com.xilinx.sdx.sw.internal.SDxSwPlatform.getSwPlatformCompilerFlags(SDxSwPlatform.java:1177)
	at com.xilinx.sdx.sdk.core.build.AppSwBuildOptionsHelper.inferSwPlatformFlags(AppSwBuildOptionsHelper.java:54)
	at com.xilinx.sdx.sdk.core.build.AppSwBuildOptionsHelper.updateBuildOptions(AppSwBuildOptionsHelper.java:46)
	at com.xilinx.sdx.sdk.core.build.SdkMakefileGenerationListener.updateSwBuildOptions(SdkMakefileGenerationListener.java:215)
	at com.xilinx.sdx.sdk.core.build.SdkMakefileGenerationListener.syncAppFlags(SdkMakefileGenerationListener.java:99)
	at com.xilinx.sdx.sdk.core.build.SdkMakefileGenerationListener.preMakefileGeneration(SdkMakefileGenerationListener.java:48)
	at com.xilinx.sdk.managedbuilder.XilinxGnuMakefileGenerator.notifyPreMakefileGenerationListeners(XilinxGnuMakefileGenerator.java:91)
	at com.xilinx.sdk.managedbuilder.XilinxGnuMakefileGenerator.generateMakefiles(XilinxGnuMakefileGenerator.java:40)
	at org.eclipse.cdt.managedbuilder.internal.core.CommonBuilder.performMakefileGeneration(CommonBuilder.java:1008)
	at org.eclipse.cdt.managedbuilder.internal.core.CommonBuilder.performPrebuildGeneration(CommonBuilder.java:873)
	at org.eclipse.cdt.managedbuilder.internal.core.CommonBuilder.build(CommonBuilder.java:748)
	at org.eclipse.cdt.managedbuilder.internal.core.CommonBuilder.build(CommonBuilder.java:510)
	at org.eclipse.cdt.managedbuilder.internal.core.CommonBuilder.build(CommonBuilder.java:459)
	at org.eclipse.core.internal.events.BuildManager$2.run(BuildManager.java:832)
	at org.eclipse.core.runtime.SafeRunner.run(SafeRunner.java:45)
	at org.eclipse.core.internal.events.BuildManager.basicBuild(BuildManager.java:220)
	at org.eclipse.core.internal.events.BuildManager.basicBuild(BuildManager.java:263)
	at org.eclipse.core.internal.events.BuildManager$1.run(BuildManager.java:316)
	at org.eclipse.core.runtime.SafeRunner.run(SafeRunner.java:45)
	at org.eclipse.core.internal.events.BuildManager.basicBuild(BuildManager.java:319)
	at org.eclipse.core.internal.events.BuildManager.basicBuildLoop(BuildManager.java:371)
	at org.eclipse.core.internal.events.BuildManager.build(BuildManager.java:392)
	at org.eclipse.core.internal.resources.Workspace.buildInternal(Workspace.java:515)
	at org.eclipse.core.internal.resources.Workspace.build(Workspace.java:412)
	at org.eclipse.ui.actions.BuildAction$1.runInWorkspace(BuildAction.java:291)
	at org.eclipse.core.internal.resources.InternalWorkspaceJob.run(InternalWorkspaceJob.java:42)
	at org.eclipse.core.internal.jobs.Worker.run(Worker.java:63)
17:23:51 INFO  : Disconnected from the channel tcfchan#22.
17:23:51 INFO  : Connected to target on host '127.0.0.1' and port '3121'.
17:23:52 INFO  : Jtag cable 'Digilent Basys3 210183BB7AB8A' is selected.
17:23:52 INFO  : 'jtag frequency' command is executed.
17:23:53 INFO  : 'targets -set -filter {jtag_cable_name =~ "Digilent Basys3 210183BB7AB8A" && level==0 && jtag_device_ctx=="jsn-Basys3-210183BB7AB8A-0362d093-0"}' command is executed.
17:23:54 INFO  : Device configured successfully with "C:/fpga_harman/250522_I2C_MASTER_MICROBLAZE/vitis2/asdf/_ide/bitstream/AXI4_LITE_I2C_PERIPH_wrapper.bit"
17:23:54 INFO  : Context for processor 'microblaze_0' is selected.
17:23:54 INFO  : Hardware design and registers information is loaded from 'C:/fpga_harman/250522_I2C_MASTER_MICROBLAZE/vitis2/AXI4_LITE_I2C_PERIPH_wrapper/export/AXI4_LITE_I2C_PERIPH_wrapper/hw/AXI4_LITE_I2C_PERIPH_wrapper.xsa'.
17:23:54 INFO  : 'configparams mdm-detect-bscan-mask 2' command is executed.
17:23:55 INFO  : Context for processor 'microblaze_0' is selected.
17:23:55 INFO  : System reset is completed.
17:23:58 INFO  : 'after 3000' command is executed.
17:23:58 INFO  : Context for processor 'microblaze_0' is selected.
17:23:58 INFO  : The application 'C:/fpga_harman/250522_I2C_MASTER_MICROBLAZE/vitis2/asdf/Debug/asdf.elf' is downloaded to processor 'microblaze_0'.
17:23:58 INFO  : ----------------XSDB Script----------------
connect -url tcp:127.0.0.1:3121
targets -set -filter {jtag_cable_name =~ "Digilent Basys3 210183BB7AB8A" && level==0 && jtag_device_ctx=="jsn-Basys3-210183BB7AB8A-0362d093-0"}
fpga -file C:/fpga_harman/250522_I2C_MASTER_MICROBLAZE/vitis2/asdf/_ide/bitstream/AXI4_LITE_I2C_PERIPH_wrapper.bit
targets -set -nocase -filter {name =~ "*microblaze*#0" && bscan=="USER2" }
loadhw -hw C:/fpga_harman/250522_I2C_MASTER_MICROBLAZE/vitis2/AXI4_LITE_I2C_PERIPH_wrapper/export/AXI4_LITE_I2C_PERIPH_wrapper/hw/AXI4_LITE_I2C_PERIPH_wrapper.xsa -regs
configparams mdm-detect-bscan-mask 2
targets -set -nocase -filter {name =~ "*microblaze*#0" && bscan=="USER2" }
rst -system
after 3000
targets -set -nocase -filter {name =~ "*microblaze*#0" && bscan=="USER2" }
dow C:/fpga_harman/250522_I2C_MASTER_MICROBLAZE/vitis2/asdf/Debug/asdf.elf
----------------End of Script----------------

17:23:58 INFO  : Context for processor 'microblaze_0' is selected.
17:23:58 INFO  : 'con' command is executed.
17:23:58 INFO  : ----------------XSDB Script (After Launch)----------------
targets -set -nocase -filter {name =~ "*microblaze*#0" && bscan=="USER2" }
con
----------------End of Script----------------

17:23:58 INFO  : Launch script is exported to file 'C:\fpga_harman\250522_I2C_MASTER_MICROBLAZE\vitis2\asdf_system\_ide\scripts\systemdebugger_asdf_system_standalone.tcl'
17:40:26 INFO  : Disconnected from the channel tcfchan#23.
